INFO:root:Inference Time: 165.64908909797668
INFO:root:('MSE: ', '0.004498333670198917', ' MAE: ', '0.011145939119160175')
INFO:root:CONV. ZEROS: 0
INFO:root:CONV. WEIGHTS: 35040
INFO:root:CONV. RATIO: 0.0
INFO:root:
INFO:root:DENSE ZEROS: 0
INFO:root:DENSE WEIGHTS: 2916832
INFO:root:DENSE RATIO: 0.0
INFO:root:
INFO:root:TOTAL ZEROS: 35040
INFO:root:TOTAL WEIGHTS: 3150913
INFO:root:TOTAL RATIO: 0.01112058631894946
INFO:root:('Before post-processing - MAE: ', '11.145925756764868', ' RMSE: ', '67.0696295523275', ' SAE: ', '11.036429109799403', ' Precision: ', '0.24064478986908094', ' Recall: ', '0.3877551020418576', ' F1: ', '0.2969804618131653', ' Accuracy: ', '0.9783531316312314')
INFO:root:('After post-processing - MAE: ', '8.058976205168404', ' RMSE: ', '67.34639625626522', ' SAE: ', '8.055658557344051', ' Precision: ', '0.24064478986908094', ' Recall: ', '0.3877551020418576', ' F1: ', '0.2969804618131653', ' Accuracy: ', '0.9783531316312314')
INFO:root:Inference Time: 163.19094705581665
INFO:root:('MSE: ', '0.004498333670198917', ' MAE: ', '0.011145939119160175')
INFO:root:CONV. ZEROS: 0
INFO:root:CONV. WEIGHTS: 35040
INFO:root:CONV. RATIO: 0.0
INFO:root:
INFO:root:DENSE ZEROS: 0
INFO:root:DENSE WEIGHTS: 2916832
INFO:root:DENSE RATIO: 0.0
INFO:root:
INFO:root:TOTAL ZEROS: 35040
INFO:root:TOTAL WEIGHTS: 3150913
INFO:root:TOTAL RATIO: 0.01112058631894946
INFO:root:('Before post-processing - MAE: ', '11.145925756764868', ' RMSE: ', '67.0696295523275', ' SAE: ', '11.036429109799403', ' Precision: ', '0.24064478986908094', ' Recall: ', '0.3877551020418576', ' F1: ', '0.2969804618131653', ' Accuracy: ', '0.9783531316312314')
INFO:root:('After post-processing - MAE: ', '8.058976205168404', ' RMSE: ', '67.34639625626522', ' SAE: ', '8.055658557344051', ' Precision: ', '0.24064478986908094', ' Recall: ', '0.3877551020418576', ' F1: ', '0.2969804618131653', ' Accuracy: ', '0.9783531316312314')
INFO:root:Inference Time: 159.2080249786377
INFO:root:('MSE: ', '0.004498333670198917', ' MAE: ', '0.011145939119160175')
INFO:root:CONV. ZEROS: 0
INFO:root:CONV. WEIGHTS: 35040
INFO:root:CONV. RATIO: 0.0
INFO:root:
INFO:root:DENSE ZEROS: 0
INFO:root:DENSE WEIGHTS: 2916832
INFO:root:DENSE RATIO: 0.0
INFO:root:
INFO:root:TOTAL ZEROS: 35040
INFO:root:TOTAL WEIGHTS: 3150913
INFO:root:TOTAL RATIO: 0.01112058631894946
INFO:root:('Before post-processing - MAE: ', '11.145925756764868', ' RMSE: ', '67.0696295523275', ' SAE: ', '10.982247691140602', ' Precision: ', '0.24064478986908094', ' Recall: ', '0.3877551020418576', ' F1: ', '0.2969804618131653', ' Accuracy: ', '0.9783531316312314')
INFO:root:('After post-processing - MAE: ', '8.058976205168404', ' RMSE: ', '67.34639625626522', ' SAE: ', '8.0025008900055', ' Precision: ', '0.24064478986908094', ' Recall: ', '0.3877551020418576', ' F1: ', '0.2969804618131653', ' Accuracy: ', '0.9783531316312314')
INFO:root:Inference Time: 261.2363169193268
INFO:root:('MSE: ', '0.004498333670198917', ' MAE: ', '0.011145939119160175')
INFO:root:CONV. ZEROS: 0
INFO:root:CONV. WEIGHTS: 35040
INFO:root:CONV. RATIO: 0.0
INFO:root:
INFO:root:DENSE ZEROS: 0
INFO:root:DENSE WEIGHTS: 2916832
INFO:root:DENSE RATIO: 0.0
INFO:root:
INFO:root:TOTAL ZEROS: 35040
INFO:root:TOTAL WEIGHTS: 3150913
INFO:root:TOTAL RATIO: 0.01112058631894946
INFO:root:('Before post-processing - MAE: ', '11.145925756764868', ' RMSE: ', '67.0696295523275', ' SAE: ', '10.982247691140602', ' Precision: ', '0.24064478986908094', ' Recall: ', '0.3877551020418576', ' F1: ', '0.2969804618131653', ' Accuracy: ', '0.9783531316312314')
INFO:root:('After post-processing - MAE: ', '8.058976205168404', ' RMSE: ', '67.34639625626522', ' SAE: ', '8.0025008900055', ' Precision: ', '0.24064478986908094', ' Recall: ', '0.3877551020418576', ' F1: ', '0.2969804618131653', ' Accuracy: ', '0.9783531316312314')
INFO:root:Inference Time: 282.42170810699463
INFO:root:('MSE: ', '0.004498333670198917', ' MAE: ', '0.011145939119160175')
INFO:root:CONV. ZEROS: 0
INFO:root:CONV. WEIGHTS: 35040
INFO:root:CONV. RATIO: 0.0
INFO:root:
INFO:root:DENSE ZEROS: 0
INFO:root:DENSE WEIGHTS: 2916832
INFO:root:DENSE RATIO: 0.0
INFO:root:
INFO:root:TOTAL ZEROS: 35040
INFO:root:TOTAL WEIGHTS: 3150913
INFO:root:TOTAL RATIO: 0.01112058631894946
INFO:root:('Before post-processing - MAE: ', '11.145925756764868', ' RMSE: ', '67.0696295523275', ' SAE: ', '10.982247691140602', ' Precision: ', '0.24064478986908094', ' Recall: ', '0.3877551020418576', ' F1: ', '0.2969804618131653', ' Accuracy: ', '0.9783531316312314')
INFO:root:('After post-processing - MAE: ', '8.058976205168404', ' RMSE: ', '67.34639625626522', ' SAE: ', '8.0025008900055', ' Precision: ', '0.24064478986908094', ' Recall: ', '0.3877551020418576', ' F1: ', '0.2969804618131653', ' Accuracy: ', '0.9783531316312314')
INFO:root:Inference Time: 263.8167691230774
INFO:root:('MSE: ', '0.004498333670198917', ' MAE: ', '0.011145939119160175')
INFO:root:CONV. ZEROS: 0
INFO:root:CONV. WEIGHTS: 35040
INFO:root:CONV. RATIO: 0.0
INFO:root:
INFO:root:DENSE ZEROS: 0
INFO:root:DENSE WEIGHTS: 2916832
INFO:root:DENSE RATIO: 0.0
INFO:root:
INFO:root:TOTAL ZEROS: 35040
INFO:root:TOTAL WEIGHTS: 3150913
INFO:root:TOTAL RATIO: 0.01112058631894946
INFO:root:('Before post-processing - MAE: ', '11.145925756764868', ' RMSE: ', '67.0696295523275', ' SAE: ', '10.982247691140602', ' Precision: ', '0.24064478986908094', ' Recall: ', '0.3877551020418576', ' F1: ', '0.2969804618131653', ' Accuracy: ', '0.9783531316312314')
INFO:root:('After post-processing - MAE: ', '8.058976205168404', ' RMSE: ', '67.34639625626522', ' SAE: ', '8.0025008900055', ' Precision: ', '0.24064478986908094', ' Recall: ', '0.3877551020418576', ' F1: ', '0.2969804618131653', ' Accuracy: ', '0.9783531316312314')
