INFO:root:Inference Time: 91.00658297538757
INFO:root:('MSE: ', '0.015835637226700783', ' MAE: ', '0.08057347685098648')
INFO:root:CONV. ZEROS: 0
INFO:root:CONV. WEIGHTS: 35040
INFO:root:CONV. RATIO: 0.0
INFO:root:
INFO:root:DENSE ZEROS: 0
INFO:root:DENSE WEIGHTS: 1901024
INFO:root:DENSE RATIO: 0.0
INFO:root:
INFO:root:TOTAL ZEROS: 35040
INFO:root:TOTAL WEIGHTS: 2135105
INFO:root:TOTAL RATIO: 0.016411370869348345
INFO:root:('Before post-processing - MAE: ', '32.22938350249205', ' RMSE: ', '50.33586764251828', ' SAE: ', '17.66870488445454', ' Precision: ', '0.7609713534305192', ' Recall: ', '0.9019022372406194', ' F1: ', '0.8254647496783045', ' Accuracy: ', '0.8569813423052616')
INFO:root:('After post-processing - MAE: ', '25.920184200494447', ' RMSE: ', '51.006362578158694', ' SAE: ', '14.670120005924586', ' Precision: ', '0.7609713534305192', ' Recall: ', '0.9019022372406194', ' F1: ', '0.8254647496783045', ' Accuracy: ', '0.8569813423052616')
INFO:root:Inference Time: 93.2262351512909
INFO:root:('MSE: ', '0.015835637226700783', ' MAE: ', '0.08057347685098648')
INFO:root:CONV. ZEROS: 0
INFO:root:CONV. WEIGHTS: 35040
INFO:root:CONV. RATIO: 0.0
INFO:root:
INFO:root:DENSE ZEROS: 0
INFO:root:DENSE WEIGHTS: 1901024
INFO:root:DENSE RATIO: 0.0
INFO:root:
INFO:root:TOTAL ZEROS: 35040
INFO:root:TOTAL WEIGHTS: 2135105
INFO:root:TOTAL RATIO: 0.016411370869348345
INFO:root:('Before post-processing - MAE: ', '32.22938350249205', ' RMSE: ', '50.33586764251828', ' SAE: ', '17.66870488445454', ' Precision: ', '0.7609713534305192', ' Recall: ', '0.9019022372406194', ' F1: ', '0.8254647496783045', ' Accuracy: ', '0.8569813423052616')
INFO:root:('After post-processing - MAE: ', '25.920184200494447', ' RMSE: ', '51.006362578158694', ' SAE: ', '14.670120005924586', ' Precision: ', '0.7609713534305192', ' Recall: ', '0.9019022372406194', ' F1: ', '0.8254647496783045', ' Accuracy: ', '0.8569813423052616')
INFO:root:Inference Time: 100.90076184272766
INFO:root:('MSE: ', '0.015835637226700783', ' MAE: ', '0.08057347685098648')
INFO:root:CONV. ZEROS: 0
INFO:root:CONV. WEIGHTS: 35040
INFO:root:CONV. RATIO: 0.0
INFO:root:
INFO:root:DENSE ZEROS: 0
INFO:root:DENSE WEIGHTS: 1901024
INFO:root:DENSE RATIO: 0.0
INFO:root:
INFO:root:TOTAL ZEROS: 35040
INFO:root:TOTAL WEIGHTS: 2135105
INFO:root:TOTAL RATIO: 0.016411370869348345
INFO:root:('Before post-processing - MAE: ', '32.22938350249205', ' RMSE: ', '50.33586764251828', ' SAE: ', '16.9329419951081', ' Precision: ', '0.7609713534305192', ' Recall: ', '0.9019022372406194', ' F1: ', '0.8254647496783045', ' Accuracy: ', '0.8569813423052616')
INFO:root:('After post-processing - MAE: ', '25.920184200494447', ' RMSE: ', '51.006362578158694', ' SAE: ', '14.031730190724213', ' Precision: ', '0.7609713534305192', ' Recall: ', '0.9019022372406194', ' F1: ', '0.8254647496783045', ' Accuracy: ', '0.8569813423052616')
INFO:root:Inference Time: 93.76522016525269
INFO:root:('MSE: ', '0.015835637226700783', ' MAE: ', '0.08057347685098648')
INFO:root:CONV. ZEROS: 0
INFO:root:CONV. WEIGHTS: 35040
INFO:root:CONV. RATIO: 0.0
INFO:root:
INFO:root:DENSE ZEROS: 0
INFO:root:DENSE WEIGHTS: 1901024
INFO:root:DENSE RATIO: 0.0
INFO:root:
INFO:root:TOTAL ZEROS: 35040
INFO:root:TOTAL WEIGHTS: 2135105
INFO:root:TOTAL RATIO: 0.016411370869348345
INFO:root:('Before post-processing - MAE: ', '32.22938350249205', ' RMSE: ', '50.33586764251828', ' SAE: ', '16.9329419951081', ' Precision: ', '0.7609713534305192', ' Recall: ', '0.9019022372406194', ' F1: ', '0.8254647496783045', ' Accuracy: ', '0.8569813423052616')
INFO:root:('After post-processing - MAE: ', '25.920184200494447', ' RMSE: ', '51.006362578158694', ' SAE: ', '14.031730190724213', ' Precision: ', '0.7609713534305192', ' Recall: ', '0.9019022372406194', ' F1: ', '0.8254647496783045', ' Accuracy: ', '0.8569813423052616')
INFO:root:Inference Time: 164.50349020957947
INFO:root:('MSE: ', '0.015835637226700783', ' MAE: ', '0.08057347685098648')
INFO:root:CONV. ZEROS: 0
INFO:root:CONV. WEIGHTS: 35040
INFO:root:CONV. RATIO: 0.0
INFO:root:
INFO:root:DENSE ZEROS: 0
INFO:root:DENSE WEIGHTS: 1901024
INFO:root:DENSE RATIO: 0.0
INFO:root:
INFO:root:TOTAL ZEROS: 35040
INFO:root:TOTAL WEIGHTS: 2135105
INFO:root:TOTAL RATIO: 0.016411370869348345
INFO:root:('Before post-processing - MAE: ', '32.22938350249205', ' RMSE: ', '50.33586764251828', ' SAE: ', '16.9329419951081', ' Precision: ', '0.7609713534305192', ' Recall: ', '0.9019022372406194', ' F1: ', '0.8254647496783045', ' Accuracy: ', '0.8569813423052616')
INFO:root:('After post-processing - MAE: ', '25.920184200494447', ' RMSE: ', '51.006362578158694', ' SAE: ', '14.031730190724213', ' Precision: ', '0.7609713534305192', ' Recall: ', '0.9019022372406194', ' F1: ', '0.8254647496783045', ' Accuracy: ', '0.8569813423052616')
INFO:root:Inference Time: 164.1189911365509
INFO:root:('MSE: ', '0.015835637226700783', ' MAE: ', '0.08057347685098648')
INFO:root:CONV. ZEROS: 0
INFO:root:CONV. WEIGHTS: 35040
INFO:root:CONV. RATIO: 0.0
INFO:root:
INFO:root:DENSE ZEROS: 0
INFO:root:DENSE WEIGHTS: 1901024
INFO:root:DENSE RATIO: 0.0
INFO:root:
INFO:root:TOTAL ZEROS: 35040
INFO:root:TOTAL WEIGHTS: 2135105
INFO:root:TOTAL RATIO: 0.016411370869348345
INFO:root:('Before post-processing - MAE: ', '32.22938350249205', ' RMSE: ', '50.33586764251828', ' SAE: ', '16.9329419951081', ' Precision: ', '0.7609713534305192', ' Recall: ', '0.9019022372406194', ' F1: ', '0.8254647496783045', ' Accuracy: ', '0.8569813423052616')
INFO:root:('After post-processing - MAE: ', '25.920184200494447', ' RMSE: ', '51.006362578158694', ' SAE: ', '14.031730190724213', ' Precision: ', '0.7609713534305192', ' Recall: ', '0.9019022372406194', ' F1: ', '0.8254647496783045', ' Accuracy: ', '0.8569813423052616')
INFO:root:Inference Time: 159.41298508644104
INFO:root:('MSE: ', '0.015835637226700783', ' MAE: ', '0.08057347685098648')
INFO:root:CONV. ZEROS: 0
INFO:root:CONV. WEIGHTS: 35040
INFO:root:CONV. RATIO: 0.0
INFO:root:
INFO:root:DENSE ZEROS: 0
INFO:root:DENSE WEIGHTS: 1901024
INFO:root:DENSE RATIO: 0.0
INFO:root:
INFO:root:TOTAL ZEROS: 35040
INFO:root:TOTAL WEIGHTS: 2135105
INFO:root:TOTAL RATIO: 0.016411370869348345
INFO:root:('Before post-processing - MAE: ', '32.22938350249205', ' RMSE: ', '50.33586764251828', ' SAE: ', '16.9329419951081', ' Precision: ', '0.7609713534305192', ' Recall: ', '0.9019022372406194', ' F1: ', '0.8254647496783045', ' Accuracy: ', '0.8569813423052616')
INFO:root:('After post-processing - MAE: ', '25.920184200494447', ' RMSE: ', '51.006362578158694', ' SAE: ', '14.031730190724213', ' Precision: ', '0.7609713534305192', ' Recall: ', '0.9019022372406194', ' F1: ', '0.8254647496783045', ' Accuracy: ', '0.8569813423052616')
