INFO:root:('F1: ', '0.5')
INFO:root:Inference Time: 110.41298294067383
INFO:root:('MSE: ', '0.024951975792646408', ' MAE: ', '0.10013195872306824')
INFO:root:CONV. ZEROS: 0
INFO:root:CONV. WEIGHTS: 35040
INFO:root:CONV. RATIO: 0.0
INFO:root:
INFO:root:DENSE ZEROS: 0
INFO:root:DENSE WEIGHTS: 98784
INFO:root:DENSE RATIO: 0.0
INFO:root:
INFO:root:TOTAL ZEROS: 35040
INFO:root:TOTAL WEIGHTS: 332865
INFO:root:TOTAL RATIO: 0.10526790140146906
INFO:root:('F1: ', '0.5')
INFO:root:Inference Time: 255.92483115196228
INFO:root:('MSE: ', '0.024951964616775513', ' MAE: ', '0.10013201087713242')
INFO:root:CONV. ZEROS: 0
INFO:root:CONV. WEIGHTS: 35040
INFO:root:CONV. RATIO: 0.0
INFO:root:
INFO:root:DENSE ZEROS: 0
INFO:root:DENSE WEIGHTS: 98784
INFO:root:DENSE RATIO: 0.0
INFO:root:
INFO:root:TOTAL ZEROS: 35040
INFO:root:TOTAL WEIGHTS: 332865
INFO:root:TOTAL RATIO: 0.10526790140146906
INFO:root:('F1: ', '0.5')
INFO:root:Inference Time: 95.56385278701782
INFO:root:('MSE: ', '0.024951975792646408', ' MAE: ', '0.10013195872306824')
INFO:root:CONV. ZEROS: 0
INFO:root:CONV. WEIGHTS: 35040
INFO:root:CONV. RATIO: 0.0
INFO:root:
INFO:root:DENSE ZEROS: 0
INFO:root:DENSE WEIGHTS: 98784
INFO:root:DENSE RATIO: 0.0
INFO:root:
INFO:root:TOTAL ZEROS: 35040
INFO:root:TOTAL WEIGHTS: 332865
INFO:root:TOTAL RATIO: 0.10526790140146906
INFO:root:Inference Time: 103.96163320541382
INFO:root:('MSE: ', '0.024951975792646408', ' MAE: ', '0.10013195872306824')
INFO:root:CONV. ZEROS: 0
INFO:root:CONV. WEIGHTS: 35040
INFO:root:CONV. RATIO: 0.0
INFO:root:
INFO:root:DENSE ZEROS: 0
INFO:root:DENSE WEIGHTS: 98784
INFO:root:DENSE RATIO: 0.0
INFO:root:
INFO:root:TOTAL ZEROS: 35040
INFO:root:TOTAL WEIGHTS: 332865
INFO:root:TOTAL RATIO: 0.10526790140146906
INFO:root:Inference Time: 104.23667788505554
INFO:root:('MSE: ', '0.024951975792646408', ' MAE: ', '0.10013195872306824')
INFO:root:CONV. ZEROS: 0
INFO:root:CONV. WEIGHTS: 35040
INFO:root:CONV. RATIO: 0.0
INFO:root:
INFO:root:DENSE ZEROS: 0
INFO:root:DENSE WEIGHTS: 98784
INFO:root:DENSE RATIO: 0.0
INFO:root:
INFO:root:TOTAL ZEROS: 35040
INFO:root:TOTAL WEIGHTS: 332865
INFO:root:TOTAL RATIO: 0.10526790140146906
INFO:root:Inference Time: 101.63959550857544
INFO:root:('MSE: ', '0.024951975792646408', ' MAE: ', '0.10013195872306824')
INFO:root:CONV. ZEROS: 0
INFO:root:CONV. WEIGHTS: 35040
INFO:root:CONV. RATIO: 0.0
INFO:root:
INFO:root:DENSE ZEROS: 0
INFO:root:DENSE WEIGHTS: 98784
INFO:root:DENSE RATIO: 0.0
INFO:root:
INFO:root:TOTAL ZEROS: 35040
INFO:root:TOTAL WEIGHTS: 332865
INFO:root:TOTAL RATIO: 0.10526790140146906
INFO:root:Inference Time: 102.4040355682373
INFO:root:('MSE: ', '0.024951975792646408', ' MAE: ', '0.10013195872306824')
INFO:root:CONV. ZEROS: 0
INFO:root:CONV. WEIGHTS: 35040
INFO:root:CONV. RATIO: 0.0
INFO:root:
INFO:root:DENSE ZEROS: 0
INFO:root:DENSE WEIGHTS: 98784
INFO:root:DENSE RATIO: 0.0
INFO:root:
INFO:root:TOTAL ZEROS: 35040
INFO:root:TOTAL WEIGHTS: 332865
INFO:root:TOTAL RATIO: 0.10526790140146906
INFO:root:('Own defined metrics (after post-processing) - MAE: ', '1350533.7158515435', ' SAE: ', '22.936002030520832', ' F1: ', '0.7602143924278779')
INFO:root:Inference Time: 100.57253766059875
INFO:root:('MSE: ', '0.024951975792646408', ' MAE: ', '0.10013195872306824')
INFO:root:CONV. ZEROS: 0
INFO:root:CONV. WEIGHTS: 35040
INFO:root:CONV. RATIO: 0.0
INFO:root:
INFO:root:DENSE ZEROS: 0
INFO:root:DENSE WEIGHTS: 98784
INFO:root:DENSE RATIO: 0.0
INFO:root:
INFO:root:TOTAL ZEROS: 35040
INFO:root:TOTAL WEIGHTS: 332865
INFO:root:TOTAL RATIO: 0.10526790140146906
INFO:root:('Own defined metrics (after post-processing) - MAE: ', '1350533.7158515435', ' SAE: ', '22.936002030520832', ' F1: ', '0.7602143924278779')
INFO:root:Inference Time: 102.4060127735138
INFO:root:('MSE: ', '0.024951975792646408', ' MAE: ', '0.10013195872306824')
INFO:root:CONV. ZEROS: 0
INFO:root:CONV. WEIGHTS: 35040
INFO:root:CONV. RATIO: 0.0
INFO:root:
INFO:root:DENSE ZEROS: 0
INFO:root:DENSE WEIGHTS: 98784
INFO:root:DENSE RATIO: 0.0
INFO:root:
INFO:root:TOTAL ZEROS: 35040
INFO:root:TOTAL WEIGHTS: 332865
INFO:root:TOTAL RATIO: 0.10526790140146906
INFO:root:('Own defined metrics (after post-processing) - MAE: ', '[40.05245676]', ' SAE: ', '23.20911105530427', ' F1: ', '0.7566574414855223')
INFO:root:Inference Time: 138.38401412963867
INFO:root:('MSE: ', '0.024951975792646408', ' MAE: ', '0.10013195872306824')
INFO:root:CONV. ZEROS: 0
INFO:root:CONV. WEIGHTS: 35040
INFO:root:CONV. RATIO: 0.0
INFO:root:
INFO:root:DENSE ZEROS: 0
INFO:root:DENSE WEIGHTS: 98784
INFO:root:DENSE RATIO: 0.0
INFO:root:
INFO:root:TOTAL ZEROS: 35040
INFO:root:TOTAL WEIGHTS: 332865
INFO:root:TOTAL RATIO: 0.10526790140146906
INFO:root:('Own defined metrics (after post-processing) - MAE: ', '40.052465948711514', ' SAE: ', '23.20911105530427', ' F1: ', '0.7566574414855223')
INFO:root:Inference Time: 100.86601400375366
INFO:root:('MSE: ', '0.024951975792646408', ' MAE: ', '0.10013195872306824')
INFO:root:CONV. ZEROS: 0
INFO:root:CONV. WEIGHTS: 35040
INFO:root:CONV. RATIO: 0.0
INFO:root:
INFO:root:DENSE ZEROS: 0
INFO:root:DENSE WEIGHTS: 98784
INFO:root:DENSE RATIO: 0.0
INFO:root:
INFO:root:TOTAL ZEROS: 35040
INFO:root:TOTAL WEIGHTS: 332865
INFO:root:TOTAL RATIO: 0.10526790140146906
INFO:root:('Own defined metrics (after post-processing) - MAE: ', '40.052465948711514', ' SAE: ', '23.20911105530427', ' F1: ', '0.7566574414855223')
INFO:root:Inference Time: 101.7064380645752
INFO:root:('MSE: ', '0.024951975792646408', ' MAE: ', '0.10013195872306824')
INFO:root:CONV. ZEROS: 0
INFO:root:CONV. WEIGHTS: 35040
INFO:root:CONV. RATIO: 0.0
INFO:root:
INFO:root:DENSE ZEROS: 0
INFO:root:DENSE WEIGHTS: 98784
INFO:root:DENSE RATIO: 0.0
INFO:root:
INFO:root:TOTAL ZEROS: 35040
INFO:root:TOTAL WEIGHTS: 332865
INFO:root:TOTAL RATIO: 0.10526790140146906
INFO:root:('Own defined metrics (after post-processing) - MAE: ', '40.052465948711514', ' SAE: ', '32.2798643580718', ' F1: ', '0.7566574414855223')
INFO:root:Inference Time: 102.21041345596313
INFO:root:('MSE: ', '0.024951975792646408', ' MAE: ', '0.10013195872306824')
INFO:root:CONV. ZEROS: 0
INFO:root:CONV. WEIGHTS: 35040
INFO:root:CONV. RATIO: 0.0
INFO:root:
INFO:root:DENSE ZEROS: 0
INFO:root:DENSE WEIGHTS: 98784
INFO:root:DENSE RATIO: 0.0
INFO:root:
INFO:root:TOTAL ZEROS: 35040
INFO:root:TOTAL WEIGHTS: 332865
INFO:root:TOTAL RATIO: 0.10526790140146906
INFO:root:Inference Time: 99.57625842094421
INFO:root:('MSE: ', '0.024951975792646408', ' MAE: ', '0.10013195872306824')
INFO:root:CONV. ZEROS: 0
INFO:root:CONV. WEIGHTS: 35040
INFO:root:CONV. RATIO: 0.0
INFO:root:
INFO:root:DENSE ZEROS: 0
INFO:root:DENSE WEIGHTS: 98784
INFO:root:DENSE RATIO: 0.0
INFO:root:
INFO:root:TOTAL ZEROS: 35040
INFO:root:TOTAL WEIGHTS: 332865
INFO:root:TOTAL RATIO: 0.10526790140146906
INFO:root:('Own defined metrics (after post-processing) - MAE: ', '40.052465948711514', ' SAE: ', '32.27986435807186', ' F1: ', '0.7566574414855223')
