INFO:root:Inference Time: 5.87345290184021
INFO:root:('MSE: ', '0.012531463988125324', ' MAE: ', '0.015419627539813519')
INFO:root:CONV. ZEROS: 0
INFO:root:CONV. WEIGHTS: 35040
INFO:root:CONV. RATIO: 0.0
INFO:root:
INFO:root:DENSE ZEROS: 0
INFO:root:DENSE WEIGHTS: 131552
INFO:root:DENSE RATIO: 0.0
INFO:root:
INFO:root:TOTAL ZEROS: 35040
INFO:root:TOTAL WEIGHTS: 365633
INFO:root:TOTAL RATIO: 0.0958338005595775
INFO:root:('Own defined metrics (after post-processing) - MAE: ', '12.335581725660377', ' SAE: ', '11.329174035822318', ' F1: ', '0.23382288788870834')
INFO:root:Inference Time: 0.8783800601959229
INFO:root:('MSE: ', '0.004032507073134184', ' MAE: ', '0.009193905629217625')
INFO:root:CONV. ZEROS: 0
INFO:root:CONV. WEIGHTS: 35040
INFO:root:CONV. RATIO: 0.0
INFO:root:
INFO:root:DENSE ZEROS: 0
INFO:root:DENSE WEIGHTS: 131552
INFO:root:DENSE RATIO: 0.0
INFO:root:
INFO:root:TOTAL ZEROS: 35040
INFO:root:TOTAL WEIGHTS: 365633
INFO:root:TOTAL RATIO: 0.0958338005595775
INFO:root:('Own defined metrics (after post-processing) - MAE: ', '7.3551241187700045', ' SAE: ', '7.430759612192802', ' F1: ', '0.3211678832638925')
