INFO:root:Inference Time: 7.999372720718384
INFO:root:('MSE: ', '0.01327783428132534', ' MAE: ', '0.015487168915569782')
INFO:root:CONV. ZEROS: 0
INFO:root:CONV. WEIGHTS: 35040
INFO:root:CONV. RATIO: 0.0
INFO:root:
INFO:root:DENSE ZEROS: 0
INFO:root:DENSE WEIGHTS: 164320
INFO:root:DENSE RATIO: 0.0
INFO:root:
INFO:root:TOTAL ZEROS: 35040
INFO:root:TOTAL WEIGHTS: 398401
INFO:root:TOTAL RATIO: 0.08795158646690143
INFO:root:('Before post-processing - MAE: ', '12.389730734820812', ' RMSE: ', '92.1835239021432', ' SAE: ', '9.987074276791398', ' Precision: ', '0.47065727699599397', ' Recall: ', '0.5820029027552394', ' F1: ', '0.5204412719008321', ' Accuracy: ', '0.9959731031625589')
INFO:root:('After post-processing - MAE: ', '6.6393517689427455', ' RMSE: ', '92.71534428037224', ' SAE: ', '5.409830041044415', ' Precision: ', '0.47065727699599397', ' Recall: ', '0.5820029027552394', ' F1: ', '0.5204412719008321', ' Accuracy: ', '0.9959731031625589')
INFO:root:Inference Time: 7.795798063278198
INFO:root:('MSE: ', '0.01327783428132534', ' MAE: ', '0.015487168915569782')
INFO:root:CONV. ZEROS: 0
INFO:root:CONV. WEIGHTS: 35040
INFO:root:CONV. RATIO: 0.0
INFO:root:
INFO:root:DENSE ZEROS: 0
INFO:root:DENSE WEIGHTS: 164320
INFO:root:DENSE RATIO: 0.0
INFO:root:
INFO:root:TOTAL ZEROS: 35040
INFO:root:TOTAL WEIGHTS: 398401
INFO:root:TOTAL RATIO: 0.08795158646690143
INFO:root:('Before post-processing - MAE: ', '12.389730734820812', ' RMSE: ', '92.1835239021432', ' SAE: ', '9.637165953289266', ' Precision: ', '0.47065727699599397', ' Recall: ', '0.5820029027552394', ' F1: ', '0.5204412719008321', ' Accuracy: ', '0.9959731031625589')
INFO:root:('After post-processing - MAE: ', '6.6393517689427455', ' RMSE: ', '92.71534428037224', ' SAE: ', '5.3560687403244875', ' Precision: ', '0.47065727699599397', ' Recall: ', '0.5820029027552394', ' F1: ', '0.5204412719008321', ' Accuracy: ', '0.9959731031625589')
INFO:root:Inference Time: 12.970940828323364
INFO:root:('MSE: ', '0.01327783428132534', ' MAE: ', '0.015487168915569782')
INFO:root:CONV. ZEROS: 0
INFO:root:CONV. WEIGHTS: 35040
INFO:root:CONV. RATIO: 0.0
INFO:root:
INFO:root:DENSE ZEROS: 0
INFO:root:DENSE WEIGHTS: 164320
INFO:root:DENSE RATIO: 0.0
INFO:root:
INFO:root:TOTAL ZEROS: 35040
INFO:root:TOTAL WEIGHTS: 398401
INFO:root:TOTAL RATIO: 0.08795158646690143
INFO:root:('Before post-processing - MAE: ', '12.389730734820812', ' RMSE: ', '92.1835239021432', ' SAE: ', '9.637165953289266', ' Precision: ', '0.47065727699599397', ' Recall: ', '0.5820029027552394', ' F1: ', '0.5204412719008321', ' Accuracy: ', '0.9959731031625589')
INFO:root:('After post-processing - MAE: ', '6.6393517689427455', ' RMSE: ', '92.71534428037224', ' SAE: ', '5.3560687403244875', ' Precision: ', '0.47065727699599397', ' Recall: ', '0.5820029027552394', ' F1: ', '0.5204412719008321', ' Accuracy: ', '0.9959731031625589')
INFO:root:Inference Time: 13.859516143798828
INFO:root:('MSE: ', '0.01327783428132534', ' MAE: ', '0.015487168915569782')
INFO:root:CONV. ZEROS: 0
INFO:root:CONV. WEIGHTS: 35040
INFO:root:CONV. RATIO: 0.0
INFO:root:
INFO:root:DENSE ZEROS: 0
INFO:root:DENSE WEIGHTS: 164320
INFO:root:DENSE RATIO: 0.0
INFO:root:
INFO:root:TOTAL ZEROS: 35040
INFO:root:TOTAL WEIGHTS: 398401
INFO:root:TOTAL RATIO: 0.08795158646690143
INFO:root:('Before post-processing - MAE: ', '12.389730734820812', ' RMSE: ', '92.1835239021432', ' SAE: ', '9.637165953289266', ' Precision: ', '0.47065727699599397', ' Recall: ', '0.5820029027552394', ' F1: ', '0.5204412719008321', ' Accuracy: ', '0.9959731031625589')
INFO:root:('After post-processing - MAE: ', '6.6393517689427455', ' RMSE: ', '92.71534428037224', ' SAE: ', '5.3560687403244875', ' Precision: ', '0.47065727699599397', ' Recall: ', '0.5820029027552394', ' F1: ', '0.5204412719008321', ' Accuracy: ', '0.9959731031625589')
INFO:root:Inference Time: 12.661555051803589
INFO:root:('MSE: ', '0.01327783428132534', ' MAE: ', '0.015487168915569782')
INFO:root:CONV. ZEROS: 0
INFO:root:CONV. WEIGHTS: 35040
INFO:root:CONV. RATIO: 0.0
INFO:root:
INFO:root:DENSE ZEROS: 0
INFO:root:DENSE WEIGHTS: 164320
INFO:root:DENSE RATIO: 0.0
INFO:root:
INFO:root:TOTAL ZEROS: 35040
INFO:root:TOTAL WEIGHTS: 398401
INFO:root:TOTAL RATIO: 0.08795158646690143
INFO:root:('Before post-processing - MAE: ', '12.389730734820812', ' RMSE: ', '92.1835239021432', ' SAE: ', '9.637165953289266', ' Precision: ', '0.47065727699599397', ' Recall: ', '0.5820029027552394', ' F1: ', '0.5204412719008321', ' Accuracy: ', '0.9959731031625589')
INFO:root:('After post-processing - MAE: ', '6.6393517689427455', ' RMSE: ', '92.71534428037224', ' SAE: ', '5.3560687403244875', ' Precision: ', '0.47065727699599397', ' Recall: ', '0.5820029027552394', ' F1: ', '0.5204412719008321', ' Accuracy: ', '0.9959731031625589')
