INFO:root:Inference Time: 1.6137211322784424
INFO:root:('MSE: ', '0.07349824160337448', ' MAE: ', '0.051343291997909546')
INFO:root:CONV. ZEROS: 0
INFO:root:CONV. WEIGHTS: 56512
INFO:root:CONV. RATIO: 0.0
INFO:root:
INFO:root:DENSE ZEROS: 0
INFO:root:DENSE WEIGHTS: 272448
INFO:root:DENSE RATIO: 0.0
INFO:root:
INFO:root:TOTAL ZEROS: 56512
INFO:root:TOTAL WEIGHTS: 347953
INFO:root:TOTAL RATIO: 0.16241273965161962
INFO:root:('Model values - MAE: ', '466.106794089083', ' SAE: ', '3728854.352712664')
INFO:root:('Real values - MAE: ', '372885.5545639651', ' SAE: ', '2983084436.511721')
INFO:root:Inference Time: 7.677008867263794
INFO:root:('MSE: ', '0.08464664965867996', ' MAE: ', '0.05940864607691765')
INFO:root:CONV. ZEROS: 0
INFO:root:CONV. WEIGHTS: 82240
INFO:root:CONV. RATIO: 0.0
INFO:root:
INFO:root:DENSE ZEROS: 0
INFO:root:DENSE WEIGHTS: 2187520
INFO:root:DENSE RATIO: 0.0
INFO:root:
INFO:root:TOTAL ZEROS: 82240
INFO:root:TOTAL WEIGHTS: 2525825
INFO:root:TOTAL RATIO: 0.03255965872536696
INFO:root:('Model values - MAE: ', '554.2983007359603', ' SAE: ', '4434386.405887683')
INFO:root:('Real values - MAE: ', '431933.93560519227', ' SAE: ', '3455471484.841538')
INFO:root:Inference Time: 3.2855100631713867
INFO:root:('MSE: ', '0.08464664965867996', ' MAE: ', '0.05940864607691765')
INFO:root:CONV. ZEROS: 0
INFO:root:CONV. WEIGHTS: 82240
INFO:root:CONV. RATIO: 0.0
INFO:root:
INFO:root:DENSE ZEROS: 0
INFO:root:DENSE WEIGHTS: 2187520
INFO:root:DENSE RATIO: 0.0
INFO:root:
INFO:root:TOTAL ZEROS: 82240
INFO:root:TOTAL WEIGHTS: 2525825
INFO:root:TOTAL RATIO: 0.03255965872536696
INFO:root:('Model values - MAE: ', '554.2983007359603', ' SAE: ', '4434386.405887683')
INFO:root:('Real values - MAE: ', '431933.93560519227', ' SAE: ', '3455471484.841538')
INFO:root:Inference Time: 1.2242600917816162
INFO:root:('MSE: ', '0.1517391800880432', ' MAE: ', '0.10126244276762009')
INFO:root:CONV. ZEROS: 0
INFO:root:CONV. WEIGHTS: 82240
INFO:root:CONV. RATIO: 0.0
INFO:root:
INFO:root:DENSE ZEROS: 0
INFO:root:DENSE WEIGHTS: 2187520
INFO:root:DENSE RATIO: 0.0
INFO:root:
INFO:root:TOTAL ZEROS: 82240
INFO:root:TOTAL WEIGHTS: 2525825
INFO:root:TOTAL RATIO: 0.03255965872536696
INFO:root:('Model values - MAE: ', '767.0654504424115', ' SAE: ', '767065.4504424115')
INFO:root:('Real values - MAE: ', '602675.9788104455', ' SAE: ', '602675978.8104455')
INFO:root:Inference Time: 0.4217410087585449
INFO:root:('MSE: ', '0.13728414475917816', ' MAE: ', '0.09066096693277359')
INFO:root:CONV. ZEROS: 0
INFO:root:CONV. WEIGHTS: 4510
INFO:root:CONV. RATIO: 0.0
INFO:root:
INFO:root:DENSE ZEROS: 0
INFO:root:DENSE WEIGHTS: 266048
INFO:root:DENSE RATIO: 0.0
INFO:root:
INFO:root:TOTAL ZEROS: 4510
INFO:root:TOTAL WEIGHTS: 282971
INFO:root:TOTAL RATIO: 0.01593802898530238
INFO:root:('Model values - MAE: ', '658.4373795799738', ' SAE: ', '658437.3795799739')
INFO:root:('Real values - MAE: ', '526283.0679285838', ' SAE: ', '526283067.92858386')
INFO:root:Inference Time: 0.7967219352722168
INFO:root:('MSE: ', '0.08008123189210892', ' MAE: ', '0.05505690723657608')
INFO:root:CONV. ZEROS: 0
INFO:root:CONV. WEIGHTS: 4510
INFO:root:CONV. RATIO: 0.0
INFO:root:
INFO:root:DENSE ZEROS: 0
INFO:root:DENSE WEIGHTS: 266048
INFO:root:DENSE RATIO: 0.0
INFO:root:
INFO:root:TOTAL ZEROS: 4510
INFO:root:TOTAL WEIGHTS: 282971
INFO:root:TOTAL RATIO: 0.01593802898530238
INFO:root:('Model values - MAE: ', '501.71137125006106', ' SAE: ', '4013690.9700004887')
INFO:root:('Real values - MAE: ', '400988.0615388902', ' SAE: ', '3207904492.3111215')
INFO:root:Inference Time: 3.283234119415283
INFO:root:('MSE: ', '0.08464664965867996', ' MAE: ', '0.05940864607691765')
INFO:root:CONV. ZEROS: 0
INFO:root:CONV. WEIGHTS: 82240
INFO:root:CONV. RATIO: 0.0
INFO:root:
INFO:root:DENSE ZEROS: 0
INFO:root:DENSE WEIGHTS: 2187520
INFO:root:DENSE RATIO: 0.0
INFO:root:
INFO:root:TOTAL ZEROS: 82240
INFO:root:TOTAL WEIGHTS: 2525825
INFO:root:TOTAL RATIO: 0.03255965872536696
INFO:root:('Model values - MAE: ', '554.2983007359603', ' SAE: ', '4434386.405887683')
INFO:root:('Real values - MAE: ', '431933.93560519227', ' SAE: ', '3455471484.841538')
INFO:root:Inference Time: 2.0418319702148438
INFO:root:('MSE: ', '0.09251599758863449', ' MAE: ', '0.06051673740148544')
INFO:root:CONV. ZEROS: 0
INFO:root:CONV. WEIGHTS: 82240
INFO:root:CONV. RATIO: 0.0
INFO:root:
INFO:root:DENSE ZEROS: 0
INFO:root:DENSE WEIGHTS: 143424
INFO:root:DENSE RATIO: 0.0
INFO:root:
INFO:root:TOTAL ZEROS: 82240
INFO:root:TOTAL WEIGHTS: 246785
INFO:root:TOTAL RATIO: 0.33324553761371234
INFO:root:('Model values - MAE: ', '558.8137307947825', ' SAE: ', '4470509.84635826')
INFO:root:('Real values - MAE: ', '440460.977533823', ' SAE: ', '3523687820.270584')
INFO:root:Inference Time: 2.1452584266662598
INFO:root:('MSE: ', '0.09485476464033127', ' MAE: ', '0.06677036732435226')
INFO:root:CONV. ZEROS: 0
INFO:root:CONV. WEIGHTS: 82240
INFO:root:CONV. RATIO: 0.0
INFO:root:
INFO:root:DENSE ZEROS: 0
INFO:root:DENSE WEIGHTS: 143424
INFO:root:DENSE RATIO: 0.0
INFO:root:
INFO:root:TOTAL ZEROS: 82240
INFO:root:TOTAL WEIGHTS: 246785
INFO:root:TOTAL RATIO: 0.33324553761371234
INFO:root:('Model values - MAE: ', '617.5511930978885', ' SAE: ', '4940409.544783108')
INFO:root:('Real values - MAE: ', '480780.6542269527', ' SAE: ', '3846245233.8156214')
INFO:root:Inference Time: 2.1519060134887695
INFO:root:('MSE: ', '0.09775931388139725', ' MAE: ', '0.07306632399559021')
INFO:root:CONV. ZEROS: 0
INFO:root:CONV. WEIGHTS: 82240
INFO:root:CONV. RATIO: 0.0
INFO:root:
INFO:root:DENSE ZEROS: 0
INFO:root:DENSE WEIGHTS: 143424
INFO:root:DENSE RATIO: 0.0
INFO:root:
INFO:root:TOTAL ZEROS: 82240
INFO:root:TOTAL WEIGHTS: 246785
INFO:root:TOTAL RATIO: 0.33324553761371234
INFO:root:('Model values - MAE: ', '680.7260552985173', ' SAE: ', '5445808.442388138')
INFO:root:('Real values - MAE: ', '539962.5444153217', ' SAE: ', '4319700355.322574')
INFO:root:Inference Time: 1.8825747966766357
INFO:root:('MSE: ', '0.09251599758863449', ' MAE: ', '0.06051673740148544')
INFO:root:CONV. ZEROS: 0
INFO:root:CONV. WEIGHTS: 82240
INFO:root:CONV. RATIO: 0.0
INFO:root:
INFO:root:DENSE ZEROS: 0
INFO:root:DENSE WEIGHTS: 143424
INFO:root:DENSE RATIO: 0.0
INFO:root:
INFO:root:TOTAL ZEROS: 82240
INFO:root:TOTAL WEIGHTS: 246785
INFO:root:TOTAL RATIO: 0.33324553761371234
INFO:root:('Model values - MAE: ', '558.8137307947825', ' SAE: ', '4470509.84635826')
INFO:root:('Real values - MAE: ', '440460.977533823', ' SAE: ', '3523687820.270584')
INFO:root:Inference Time: 1.7320539951324463
INFO:root:('MSE: ', '0.08695058524608612', ' MAE: ', '0.060806721448898315')
INFO:root:CONV. ZEROS: 0
INFO:root:CONV. WEIGHTS: 82240
INFO:root:CONV. RATIO: 0.0
INFO:root:
INFO:root:DENSE ZEROS: 0
INFO:root:DENSE WEIGHTS: 143424
INFO:root:DENSE RATIO: 0.0
INFO:root:
INFO:root:TOTAL ZEROS: 82240
INFO:root:TOTAL WEIGHTS: 246785
INFO:root:TOTAL RATIO: 0.33324553761371234
INFO:root:('Model values - MAE: ', '558.920885698431', ' SAE: ', '4471367.0855874475')
INFO:root:('Real values - MAE: ', '435367.18428987585', ' SAE: ', '3482937474.319007')
INFO:root:Inference Time: 2.01029109954834
INFO:root:('MSE: ', '0.10521575808525085', ' MAE: ', '0.07195762544870377')
INFO:root:CONV. ZEROS: 0
INFO:root:CONV. WEIGHTS: 82240
INFO:root:CONV. RATIO: 0.0
INFO:root:
INFO:root:DENSE ZEROS: 0
INFO:root:DENSE WEIGHTS: 143424
INFO:root:DENSE RATIO: 0.0
INFO:root:
INFO:root:TOTAL ZEROS: 82240
INFO:root:TOTAL WEIGHTS: 246785
INFO:root:TOTAL RATIO: 0.33324553761371234
INFO:root:('Model values - MAE: ', '662.5492831131417', ' SAE: ', '5300394.264905133')
INFO:root:('Real values - MAE: ', '517311.2200616382', ' SAE: ', '4138489760.493106')
INFO:root:Inference Time: 1.8849270343780518
INFO:root:('MSE: ', '0.11087536066770554', ' MAE: ', '0.07018977403640747')
INFO:root:CONV. ZEROS: 0
INFO:root:CONV. WEIGHTS: 82240
INFO:root:CONV. RATIO: 0.0
INFO:root:
INFO:root:DENSE ZEROS: 0
INFO:root:DENSE WEIGHTS: 143424
INFO:root:DENSE RATIO: 0.0
INFO:root:
INFO:root:TOTAL ZEROS: 82240
INFO:root:TOTAL WEIGHTS: 246785
INFO:root:TOTAL RATIO: 0.33324553761371234
INFO:root:('Model values - MAE: ', '646.4882820575064', ' SAE: ', '5171906.256460051')
INFO:root:('Real values - MAE: ', '515671.7376831654', ' SAE: ', '4125373901.4653234')
INFO:root:Inference Time: 1.8004460334777832
INFO:root:('MSE: ', '0.12173900753259659', ' MAE: ', '0.08689485490322113')
INFO:root:CONV. ZEROS: 0
INFO:root:CONV. WEIGHTS: 8448
INFO:root:CONV. RATIO: 0.0
INFO:root:
INFO:root:DENSE ZEROS: 0
INFO:root:DENSE WEIGHTS: 270400
INFO:root:DENSE RATIO: 0.0
INFO:root:
INFO:root:TOTAL ZEROS: 8448
INFO:root:TOTAL WEIGHTS: 295649
INFO:root:TOTAL RATIO: 0.02857442440190902
INFO:root:('Model values - MAE: ', '826.9565030774942', ' SAE: ', '6615652.024619954')
INFO:root:('Real values - MAE: ', '639806.5417203425', ' SAE: ', '5118452333.76274')
INFO:root:Inference Time: 1.006932020187378
INFO:root:('MSE: ', '0.22053751349449158', ' MAE: ', '0.1362464278936386')
INFO:root:CONV. ZEROS: 0
INFO:root:CONV. WEIGHTS: 8448
INFO:root:CONV. RATIO: 0.0
INFO:root:
INFO:root:DENSE ZEROS: 0
INFO:root:DENSE WEIGHTS: 270400
INFO:root:DENSE RATIO: 0.0
INFO:root:
INFO:root:TOTAL ZEROS: 8448
INFO:root:TOTAL WEIGHTS: 295649
INFO:root:TOTAL RATIO: 0.02857442440190902
INFO:root:('Model values - MAE: ', '1100.3486552548725', ' SAE: ', '1100348.6552548725')
INFO:root:('Real values - MAE: ', '851518.429394799', ' SAE: ', '851518429.394799')
INFO:root:Inference Time: 0.9873559474945068
INFO:root:('MSE: ', '0.13427317142486572', ' MAE: ', '0.09457675367593765')
INFO:root:CONV. ZEROS: 0
INFO:root:CONV. WEIGHTS: 8448
INFO:root:CONV. RATIO: 0.0
INFO:root:
INFO:root:DENSE ZEROS: 0
INFO:root:DENSE WEIGHTS: 270400
INFO:root:DENSE RATIO: 0.0
INFO:root:
INFO:root:TOTAL ZEROS: 8448
INFO:root:TOTAL WEIGHTS: 295649
INFO:root:TOTAL RATIO: 0.02857442440190902
INFO:root:('Model values - MAE: ', '701.6762266187503', ' SAE: ', '701676.2266187504')
INFO:root:('Real values - MAE: ', '555608.9306094211', ' SAE: ', '555608930.6094211')
INFO:root:Inference Time: 1.900071144104004
INFO:root:('MSE: ', '0.08996517211198807', ' MAE: ', '0.06889904290437698')
INFO:root:CONV. ZEROS: 0
INFO:root:CONV. WEIGHTS: 8448
INFO:root:CONV. RATIO: 0.0
INFO:root:
INFO:root:DENSE ZEROS: 0
INFO:root:DENSE WEIGHTS: 270400
INFO:root:DENSE RATIO: 0.0
INFO:root:
INFO:root:TOTAL ZEROS: 8448
INFO:root:TOTAL WEIGHTS: 295649
INFO:root:TOTAL RATIO: 0.02857442440190902
INFO:root:('Model values - MAE: ', '651.0036937915953', ' SAE: ', '5208029.550332762')
INFO:root:('Real values - MAE: ', '507404.4105245851', ' SAE: ', '4059235284.196681')
INFO:root:Inference Time: 1.6465721130371094
INFO:root:('MSE: ', '0.10474426299333572', ' MAE: ', '0.07906150072813034')
INFO:root:CONV. ZEROS: 0
INFO:root:CONV. WEIGHTS: 128
INFO:root:CONV. RATIO: 0.0
INFO:root:
INFO:root:DENSE ZEROS: 0
INFO:root:DENSE WEIGHTS: 266304
INFO:root:DENSE RATIO: 0.0
INFO:root:
INFO:root:TOTAL ZEROS: 128
INFO:root:TOTAL WEIGHTS: 279073
INFO:root:TOTAL RATIO: 0.00045866135383931805
INFO:root:('Model values - MAE: ', '752.0799742521339', ' SAE: ', '6016639.794017071')
INFO:root:('Real values - MAE: ', '571319.5311016545', ' SAE: ', '4570556248.813236')
INFO:root:Inference Time: 1.0363030433654785
INFO:root:('MSE: ', '0.16215138137340546', ' MAE: ', '0.11044105887413025')
INFO:root:CONV. ZEROS: 0
INFO:root:CONV. WEIGHTS: 128
INFO:root:CONV. RATIO: 0.0
INFO:root:
INFO:root:DENSE ZEROS: 0
INFO:root:DENSE WEIGHTS: 266304
INFO:root:DENSE RATIO: 0.0
INFO:root:
INFO:root:TOTAL ZEROS: 128
INFO:root:TOTAL WEIGHTS: 279073
INFO:root:TOTAL RATIO: 0.00045866135383931805
INFO:root:('Model values - MAE: ', '852.5905026902275', ' SAE: ', '852590.5026902275')
INFO:root:('Real values - MAE: ', '660845.9484328612', ' SAE: ', '660845948.4328612')
INFO:root:Inference Time: 1.1103029251098633
INFO:root:('MSE: ', '0.17954130470752716', ' MAE: ', '0.1383364498615265')
INFO:root:Inference Time: 1.1783573627471924
INFO:root:('MSE: ', '0.17954130470752716', ' MAE: ', '0.1383364498615265')
INFO:root:('Model values - MAE: ', '1128.6339003513838', ' SAE: ', '1128633.9003513837')
INFO:root:('Real values - MAE: ', '900955.434729487', ' SAE: ', '900955434.7294871')
INFO:root:Inference Time: 2.9525558948516846
INFO:root:('MSE: ', '0.10516873747110367', ' MAE: ', '0.0942612960934639')
INFO:root:('Model values - MAE: ', '915.2019811610984', ' SAE: ', '7321615.849288787')
INFO:root:('Real values - MAE: ', '725943.450529542', ' SAE: ', '5807547604.236337')
INFO:root:Inference Time: 2.9711248874664307
INFO:root:('MSE: ', '0.11266360431909561', ' MAE: ', '0.0957404151558876')
INFO:root:('Model values - MAE: ', '901.0927222763254', ' SAE: ', '7208741.778210603')
INFO:root:('Real values - MAE: ', '713558.4239183671', ' SAE: ', '5708467391.346937')
INFO:root:Inference Time: 1.0796122550964355
INFO:root:('MSE: ', '0.17585818469524384', ' MAE: ', '0.1287536472082138')
INFO:root:('Model values - MAE: ', '1025.5997916777753', ' SAE: ', '1025599.7916777753')
INFO:root:('Real values - MAE: ', '816619.3759364329', ' SAE: ', '816619375.9364328')
INFO:root:Inference Time: 3.1467647552490234
INFO:root:('MSE: ', '0.08173973113298416', ' MAE: ', '0.06901118159294128')
INFO:root:('Model values - MAE: ', '644.6924576173157', ' SAE: ', '5157539.660938526')
INFO:root:('Real values - MAE: ', '506145.35106716224', ' SAE: ', '4049162808.5372977')
INFO:root:Inference Time: 2.6069869995117188
INFO:root:('MSE: ', '0.07387962192296982', ' MAE: ', '0.04724988713860512')
INFO:root:('Model values - MAE: ', '426.8432763836563', ' SAE: ', '3414746.2110692505')
INFO:root:('Real values - MAE: ', '341474.57566224673', ' SAE: ', '2731796605.2979736')
INFO:root:Inference Time: 2.7513108253479004
INFO:root:('MSE: ', '0.07366105914115906', ' MAE: ', '0.047360554337501526')
INFO:root:('Model values - MAE: ', '430.2868616148266', ' SAE: ', '3442294.892918613')
INFO:root:('Real values - MAE: ', '344229.5298815664', ' SAE: ', '2753836239.0525312')
INFO:root:Inference Time: 212.96905779838562
INFO:root:('MSE: ', '0.0462922528386116', ' MAE: ', '0.02968238852918148')
INFO:root:Inference Time: 267.32263135910034
INFO:root:('MSE: ', '0.04599757120013237', ' MAE: ', '0.02950853668153286')
INFO:root:Inference Time: 0.7910709381103516
INFO:root:('MSE: ', '9.59148474066751e-06', ' MAE: ', '0.003067445708438754')
INFO:root:('Model values - MAE: ', '341.36445034469597', ' SAE: ', '3413.64450344696')
INFO:root:('Real values - MAE: ', '273091.6313359375', ' SAE: ', '2730916.3133593746')
INFO:root:Inference Time: 1.0096299648284912
INFO:root:('MSE: ', '0.017753485590219498', ' MAE: ', '0.03270886838436127')
INFO:root:('Model values - MAE: ', '6149.7451826513525', ' SAE: ', '614974.5182651352')
INFO:root:('Real values - MAE: ', '4919796.695094497', ' SAE: ', '491979669.50944966')
INFO:root:Inference Time: 3.4875292778015137
INFO:root:('MSE: ', '0.07567398995161057', ' MAE: ', '0.04812826216220856')
INFO:root:('Model values - MAE: ', '4394.792830658648', ' SAE: ', '43947928.30658648')
INFO:root:('Real values - MAE: ', '3515834.6535053886', ' SAE: ', '35158346535.05389')
INFO:root:Inference Time: 36.80333423614502
INFO:root:('MSE: ', '0.05674758553504944', ' MAE: ', '0.035662002861499786')
INFO:root:Inference Time: 3.7941441535949707
INFO:root:('MSE: ', '0.07567398995161057', ' MAE: ', '0.04812826216220856')
INFO:root:('Model values - MAE: ', '4394.792830658648', ' SAE: ', '43947928.30658648')
INFO:root:('Real values - MAE: ', '3515834.6535053886', ' SAE: ', '35158346535.05389')
INFO:root:Inference Time: 31.98454713821411
INFO:root:('MSE: ', '0.060021109879016876', ' MAE: ', '0.037300173193216324')
INFO:root:Inference Time: 15.904889822006226
INFO:root:('MSE: ', '0.04122607037425041', ' MAE: ', '0.02669234201312065')
INFO:root:Inference Time: 3.749490976333618
INFO:root:('MSE: ', '0.07567398995161057', ' MAE: ', '0.04812826216220856')
INFO:root:('Model values - MAE: ', '4394.792830658648', ' SAE: ', '43947928.30658648')
INFO:root:('Real values - MAE: ', '3515834.6535053886', ' SAE: ', '35158346535.05389')
INFO:root:Inference Time: 36.086076974868774
INFO:root:('MSE: ', '0.05674758553504944', ' MAE: ', '0.035662002861499786')
