INFO:root:Inference Time: 10.684033870697021
INFO:root:('MSE: ', '0.027689415961503983', ' MAE: ', '0.032594889402389526')
INFO:root:CONV. ZEROS: 0
INFO:root:CONV. WEIGHTS: 35040
INFO:root:CONV. RATIO: 0.0
INFO:root:
INFO:root:DENSE ZEROS: 0
INFO:root:DENSE WEIGHTS: 98784
INFO:root:DENSE RATIO: 0.0
INFO:root:
INFO:root:TOTAL ZEROS: 35040
INFO:root:TOTAL WEIGHTS: 332865
INFO:root:TOTAL RATIO: 0.10526790140146906
INFO:root:Inference Time: 10.676015138626099
INFO:root:('MSE: ', '0.05108772963285446', ' MAE: ', '0.04595619812607765')
INFO:root:CONV. ZEROS: 0
INFO:root:CONV. WEIGHTS: 35040
INFO:root:CONV. RATIO: 0.0
INFO:root:
INFO:root:DENSE ZEROS: 0
INFO:root:DENSE WEIGHTS: 98784
INFO:root:DENSE RATIO: 0.0
INFO:root:
INFO:root:TOTAL ZEROS: 35040
INFO:root:TOTAL WEIGHTS: 332865
INFO:root:TOTAL RATIO: 0.10526790140146906
INFO:root:Inference Time: 7.256972789764404
INFO:root:('MSE: ', '0.02292194776237011', ' MAE: ', '0.023022061213850975')
INFO:root:CONV. ZEROS: 0
INFO:root:CONV. WEIGHTS: 35040
INFO:root:CONV. RATIO: 0.0
INFO:root:
INFO:root:DENSE ZEROS: 0
INFO:root:DENSE WEIGHTS: 98784
INFO:root:DENSE RATIO: 0.0
INFO:root:
INFO:root:TOTAL ZEROS: 35040
INFO:root:TOTAL WEIGHTS: 332865
INFO:root:TOTAL RATIO: 0.10526790140146906
