INFO:root:Inference Time: 113.4532880783081
INFO:root:('MSE: ', '0.1930481642484665', ' MAE: ', '0.06421983242034912')
INFO:root:CONV. ZEROS: 0
INFO:root:CONV. WEIGHTS: 35040
INFO:root:CONV. RATIO: 0.0
INFO:root:
INFO:root:DENSE ZEROS: 0
INFO:root:DENSE WEIGHTS: 2097632
INFO:root:DENSE RATIO: 0.0
INFO:root:
INFO:root:TOTAL ZEROS: 35040
INFO:root:TOTAL WEIGHTS: 2331713
INFO:root:TOTAL RATIO: 0.015027578436968872
INFO:root:('Before post-processing - MAE: ', '44.953960652079026', ' RMSE: ', '307.561417469123', ' SAE: ', '41.992262935561826', ' Precision: ', '0.8912457912444739', ' Recall: ', '0.6848641655881375', ' F1: ', '0.774542794439577', ' Accuracy: ', '0.983162518301505')
INFO:root:('After post-processing - MAE: ', '43.83050594157711', ' RMSE: ', '307.5326598474277', ' SAE: ', '41.06840134356787', ' Precision: ', '0.8912457912444739', ' Recall: ', '0.6848641655881375', ' F1: ', '0.774542794439577', ' Accuracy: ', '0.983162518301505')
INFO:root:Inference Time: 119.07670617103577
INFO:root:('MSE: ', '0.1930481642484665', ' MAE: ', '0.06421983242034912')
INFO:root:CONV. ZEROS: 0
INFO:root:CONV. WEIGHTS: 35040
INFO:root:CONV. RATIO: 0.0
INFO:root:
INFO:root:DENSE ZEROS: 0
INFO:root:DENSE WEIGHTS: 2097632
INFO:root:DENSE RATIO: 0.0
INFO:root:
INFO:root:TOTAL ZEROS: 35040
INFO:root:TOTAL WEIGHTS: 2331713
INFO:root:TOTAL RATIO: 0.015027578436968872
INFO:root:('Before post-processing - MAE: ', '44.953960652079026', ' RMSE: ', '307.561417469123', ' SAE: ', '42.0006003463459', ' Precision: ', '0.8912457912444739', ' Recall: ', '0.6848641655881375', ' F1: ', '0.774542794439577', ' Accuracy: ', '0.983162518301505')
INFO:root:('After post-processing - MAE: ', '43.83050594157711', ' RMSE: ', '307.5326598474277', ' SAE: ', '41.05277901782307', ' Precision: ', '0.8912457912444739', ' Recall: ', '0.6848641655881375', ' F1: ', '0.774542794439577', ' Accuracy: ', '0.983162518301505')
