INFO:root:Inference Time: 47.81611728668213
INFO:root:('MSE: ', '0.004607423208653927', ' MAE: ', '0.018369589000940323')
INFO:root:CONV. ZEROS: 0
INFO:root:CONV. WEIGHTS: 35040
INFO:root:CONV. RATIO: 0.0
INFO:root:
INFO:root:DENSE ZEROS: 0
INFO:root:DENSE WEIGHTS: 2097632
INFO:root:DENSE RATIO: 0.0
INFO:root:
INFO:root:TOTAL ZEROS: 35040
INFO:root:TOTAL WEIGHTS: 2331713
INFO:root:TOTAL RATIO: 0.015027578436968872
INFO:root:('Own defined metrics (before post-processing) - MAE: ', '18.36958512029041', ' SAE: ', '17.54086908302173', ' F1: ', '0.02806751375286883')
INFO:root:('Own defined metrics (after post-processing) - MAE: ', '8.040412159783921', ' SAE: ', '8.032703143372117', ' F1: ', '0.02806751375286883')
INFO:root:Inference Time: 48.307106494903564
INFO:root:('MSE: ', '0.004607423208653927', ' MAE: ', '0.018369589000940323')
INFO:root:CONV. ZEROS: 0
INFO:root:CONV. WEIGHTS: 35040
INFO:root:CONV. RATIO: 0.0
INFO:root:
INFO:root:DENSE ZEROS: 0
INFO:root:DENSE WEIGHTS: 2097632
INFO:root:DENSE RATIO: 0.0
INFO:root:
INFO:root:TOTAL ZEROS: 35040
INFO:root:TOTAL WEIGHTS: 2331713
INFO:root:TOTAL RATIO: 0.015027578436968872
INFO:root:('Own defined metrics (before post-processing) - MAE: ', '18.36958512029041', ' SAE: ', '17.54086908302173', ' F1: ', '0.02806751375286883')
INFO:root:('Own defined metrics (after post-processing) - MAE: ', '8.040412159783921', ' SAE: ', '8.032703143372117', ' F1: ', '0.02806751375286883')
