INFO:root:Inference Time: 8.17743992805481
INFO:root:('MSE: ', '0.06419109553098679', ' MAE: ', '0.06349735707044601')
INFO:root:CONV. ZEROS: 0
INFO:root:CONV. WEIGHTS: 56512
INFO:root:CONV. RATIO: 0.0
INFO:root:
INFO:root:DENSE ZEROS: 0
INFO:root:DENSE WEIGHTS: 1351936
INFO:root:DENSE RATIO: 0.0
INFO:root:
INFO:root:TOTAL ZEROS: 56512
INFO:root:TOTAL WEIGHTS: 1845169
INFO:root:TOTAL RATIO: 0.03062700489765436
INFO:root:('Model values - MAE: ', '567.9518765088646', ' SAE: ', '4543615.0120709175')
INFO:root:('Real values - MAE: ', '376347.102590453', ' SAE: ', '3010776820.7236238')
INFO:root:Inference Time: 3.304135799407959
INFO:root:('MSE: ', '0.08499472588300705', ' MAE: ', '0.08378533273935318')
INFO:root:CONV. ZEROS: 0
INFO:root:CONV. WEIGHTS: 56512
INFO:root:CONV. RATIO: 0.0
INFO:root:
INFO:root:DENSE ZEROS: 0
INFO:root:DENSE WEIGHTS: 1351936
INFO:root:DENSE RATIO: 0.0
INFO:root:
INFO:root:TOTAL ZEROS: 56512
INFO:root:TOTAL WEIGHTS: 1845169
INFO:root:TOTAL RATIO: 0.03062700489765436
INFO:root:('Model values - MAE: ', '663.5165001610453', ' SAE: ', '663516.5001610453')
INFO:root:('Real values - MAE: ', '403304.3926813796', ' SAE: ', '403304392.6813796')
INFO:root:Inference Time: 3.784008026123047
INFO:root:('MSE: ', '0.10154201835393906', ' MAE: ', '0.08263511210680008')
INFO:root:CONV. ZEROS: 0
INFO:root:CONV. WEIGHTS: 56512
INFO:root:CONV. RATIO: 0.0
INFO:root:
INFO:root:DENSE ZEROS: 0
INFO:root:DENSE WEIGHTS: 1351936
INFO:root:DENSE RATIO: 0.0
INFO:root:
INFO:root:TOTAL ZEROS: 56512
INFO:root:TOTAL WEIGHTS: 1845169
INFO:root:TOTAL RATIO: 0.03062700489765436
INFO:root:('Model values - MAE: ', '649.4915655140161', ' SAE: ', '649491.5655140161')
INFO:root:('Real values - MAE: ', '501746.2391334496', ' SAE: ', '501746239.1334496')
INFO:root:Inference Time: 8.153549194335938
INFO:root:('MSE: ', '0.0872158482670784', ' MAE: ', '0.0723833367228508')
INFO:root:CONV. ZEROS: 0
INFO:root:CONV. WEIGHTS: 56512
INFO:root:CONV. RATIO: 0.0
INFO:root:
INFO:root:DENSE ZEROS: 0
INFO:root:DENSE WEIGHTS: 1351936
INFO:root:DENSE RATIO: 0.0
INFO:root:
INFO:root:TOTAL ZEROS: 56512
INFO:root:TOTAL WEIGHTS: 1845169
INFO:root:TOTAL RATIO: 0.03062700489765436
INFO:root:('Model values - MAE: ', '674.6608645285003', ' SAE: ', '5397286.916228002')
INFO:root:('Real values - MAE: ', '526290.1599929011', ' SAE: ', '4210321279.943209')
INFO:root:Inference Time: 8.2467520236969
INFO:root:('MSE: ', '0.08366478979587555', ' MAE: ', '0.06385558843612671')
INFO:root:CONV. ZEROS: 0
INFO:root:CONV. WEIGHTS: 56512
INFO:root:CONV. RATIO: 0.0
INFO:root:
INFO:root:DENSE ZEROS: 0
INFO:root:DENSE WEIGHTS: 1351936
INFO:root:DENSE RATIO: 0.0
INFO:root:
INFO:root:TOTAL ZEROS: 56512
INFO:root:TOTAL WEIGHTS: 1845169
INFO:root:TOTAL RATIO: 0.03062700489765436
INFO:root:('Model values - MAE: ', '586.6866891017092', ' SAE: ', '4693493.512813674')
INFO:root:('Real values - MAE: ', '467183.9982902624', ' SAE: ', '3737471986.322099')
INFO:root:Inference Time: 3.360487222671509
INFO:root:('MSE: ', '0.10423401743173599', ' MAE: ', '0.07710634917020798')
INFO:root:CONV. ZEROS: 0
INFO:root:CONV. WEIGHTS: 56512
INFO:root:CONV. RATIO: 0.0
INFO:root:
INFO:root:DENSE ZEROS: 0
INFO:root:DENSE WEIGHTS: 1351936
INFO:root:DENSE RATIO: 0.0
INFO:root:
INFO:root:TOTAL ZEROS: 56512
INFO:root:TOTAL WEIGHTS: 1845169
INFO:root:TOTAL RATIO: 0.03062700489765436
INFO:root:('Model values - MAE: ', '597.9632597037771', ' SAE: ', '597963.2597037771')
INFO:root:('Real values - MAE: ', '476502.5011900464', ' SAE: ', '476502501.19004637')
