INFO:root:Inference Time: 4.0573790073394775
INFO:root:('MSE: ', '0.06230846419930458', ' MAE: ', '0.06367817521095276')
INFO:root:CONV. ZEROS: 0
INFO:root:CONV. WEIGHTS: 17600
INFO:root:CONV. RATIO: 0.0
INFO:root:
INFO:root:DENSE ZEROS: 0
INFO:root:DENSE WEIGHTS: 309312
INFO:root:DENSE RATIO: 0.0
INFO:root:
INFO:root:TOTAL ZEROS: 17600
INFO:root:TOTAL WEIGHTS: 341665
INFO:root:TOTAL RATIO: 0.05151244640217757
INFO:root:('Model values - MAE: ', '577.9934906037331', ' SAE: ', '4623947.924829865')
INFO:root:('Real values - MAE: ', '459332.9549614585', ' SAE: ', '3674663639.691668')
INFO:root:Inference Time: 3.091855764389038
INFO:root:('MSE: ', '0.07537415623664856', ' MAE: ', '0.0755668431520462')
INFO:root:CONV. ZEROS: 0
INFO:root:CONV. WEIGHTS: 4510
INFO:root:CONV. RATIO: 0.0
INFO:root:
INFO:root:DENSE ZEROS: 0
INFO:root:DENSE WEIGHTS: 307008
INFO:root:DENSE RATIO: 0.0
INFO:root:
INFO:root:TOTAL ZEROS: 4510
INFO:root:TOTAL WEIGHTS: 323931
INFO:root:TOTAL RATIO: 0.013922718109720898
INFO:root:('Model values - MAE: ', '681.5212180863732', ' SAE: ', '5452169.744690985')
INFO:root:('Real values - MAE: ', '534302.4479577165', ' SAE: ', '4274419583.6617327')
INFO:root:Inference Time: 3.041327953338623
INFO:root:('MSE: ', '0.07504916936159134', ' MAE: ', '0.0661655142903328')
INFO:root:CONV. ZEROS: 0
INFO:root:CONV. WEIGHTS: 4510
INFO:root:CONV. RATIO: 0.0
INFO:root:
INFO:root:DENSE ZEROS: 0
INFO:root:DENSE WEIGHTS: 307008
INFO:root:DENSE RATIO: 0.0
INFO:root:
INFO:root:TOTAL ZEROS: 4510
INFO:root:TOTAL WEIGHTS: 323931
INFO:root:TOTAL RATIO: 0.013922718109720898
INFO:root:('Model values - MAE: ', '585.3778354171733', ' SAE: ', '4683022.683337387')
INFO:root:('Real values - MAE: ', '467659.85702149663', ' SAE: ', '3741278856.171973')
INFO:root:Inference Time: 3.1957480907440186
INFO:root:('MSE: ', '0.07514449208974838', ' MAE: ', '0.056529901921749115')
INFO:root:CONV. ZEROS: 0
INFO:root:CONV. WEIGHTS: 4510
INFO:root:CONV. RATIO: 0.0
INFO:root:
INFO:root:DENSE ZEROS: 0
INFO:root:DENSE WEIGHTS: 307008
INFO:root:DENSE RATIO: 0.0
INFO:root:
INFO:root:TOTAL ZEROS: 4510
INFO:root:TOTAL WEIGHTS: 323931
INFO:root:TOTAL RATIO: 0.013922718109720898
INFO:root:('Model values - MAE: ', '493.56045538038904', ' SAE: ', '3948483.6430431125')
INFO:root:('Real values - MAE: ', '394377.326439393', ' SAE: ', '3155018611.515144')
