INFO:root:Inference Time: 94.33804106712341
INFO:root:('MSE: ', '0.004498334135860205', ' MAE: ', '0.011145928874611855')
INFO:root:CONV. ZEROS: 0
INFO:root:CONV. WEIGHTS: 35040
INFO:root:CONV. RATIO: 0.0
INFO:root:
INFO:root:DENSE ZEROS: 0
INFO:root:DENSE WEIGHTS: 2916832
INFO:root:DENSE RATIO: 0.0
INFO:root:
INFO:root:TOTAL ZEROS: 35040
INFO:root:TOTAL WEIGHTS: 3150913
INFO:root:TOTAL RATIO: 0.01112058631894946
INFO:root:('Own defined metrics (before post-processing) - MAE: ', '11.145915817738924', ' SAE: ', '11.096207625558435', ' F1: ', '0.08888888889410936')
INFO:root:('Own defined metrics (after post-processing) - MAE: ', '7.828169216340851', ' SAE: ', '7.847224650501452', ' F1: ', '0.08888888889410936')
INFO:root:Inference Time: 94.10803866386414
INFO:root:('MSE: ', '0.004498334135860205', ' MAE: ', '0.011145928874611855')
INFO:root:CONV. ZEROS: 0
INFO:root:CONV. WEIGHTS: 35040
INFO:root:CONV. RATIO: 0.0
INFO:root:
INFO:root:DENSE ZEROS: 0
INFO:root:DENSE WEIGHTS: 2916832
INFO:root:DENSE RATIO: 0.0
INFO:root:
INFO:root:TOTAL ZEROS: 35040
INFO:root:TOTAL WEIGHTS: 3150913
INFO:root:TOTAL RATIO: 0.01112058631894946
INFO:root:('Own defined metrics (before post-processing) - MAE: ', '11.145915817738924', ' SAE: ', '11.096207625558435', ' F1: ', '0.2450787401599894')
INFO:root:('Own defined metrics (after post-processing) - MAE: ', '7.8950214074638385', ' SAE: ', '7.91423955218131', ' F1: ', '0.2450787401599894')
INFO:root:Inference Time: 90.52576899528503
INFO:root:('MSE: ', '0.004498334135860205', ' MAE: ', '0.011145928874611855')
INFO:root:CONV. ZEROS: 0
INFO:root:CONV. WEIGHTS: 35040
INFO:root:CONV. RATIO: 0.0
INFO:root:
INFO:root:DENSE ZEROS: 0
INFO:root:DENSE WEIGHTS: 2916832
INFO:root:DENSE RATIO: 0.0
INFO:root:
INFO:root:TOTAL ZEROS: 35040
INFO:root:TOTAL WEIGHTS: 3150913
INFO:root:TOTAL RATIO: 0.01112058631894946
INFO:root:('Own defined metrics (before post-processing) - MAE: ', '11.145915817738924', ' SAE: ', '11.096207625558435', ' F1: ', '0.2450787401599894')
INFO:root:('Own defined metrics (after post-processing) - MAE: ', '7.8950214074638385', ' SAE: ', '7.91423955218131', ' F1: ', '0.2450787401599894')
INFO:root:Inference Time: 91.34588074684143
INFO:root:('MSE: ', '0.004498334135860205', ' MAE: ', '0.011145928874611855')
INFO:root:CONV. ZEROS: 0
INFO:root:CONV. WEIGHTS: 35040
INFO:root:CONV. RATIO: 0.0
INFO:root:
INFO:root:DENSE ZEROS: 0
INFO:root:DENSE WEIGHTS: 2916832
INFO:root:DENSE RATIO: 0.0
INFO:root:
INFO:root:TOTAL ZEROS: 35040
INFO:root:TOTAL WEIGHTS: 3150913
INFO:root:TOTAL RATIO: 0.01112058631894946
INFO:root:('Own defined metrics (before post-processing) - MAE: ', '11.145915817738924', ' SAE: ', '11.096207625558435', ' F1: ', '0.2450787401599894')
INFO:root:('Own defined metrics (after post-processing) - MAE: ', '7.8950214074638385', ' SAE: ', '7.91423955218131', ' F1: ', '0.2450787401599894')
INFO:root:Inference Time: 91.06227231025696
INFO:root:('MSE: ', '0.004498334135860205', ' MAE: ', '0.011145928874611855')
INFO:root:CONV. ZEROS: 0
INFO:root:CONV. WEIGHTS: 35040
INFO:root:CONV. RATIO: 0.0
INFO:root:
INFO:root:DENSE ZEROS: 0
INFO:root:DENSE WEIGHTS: 2916832
INFO:root:DENSE RATIO: 0.0
INFO:root:
INFO:root:TOTAL ZEROS: 35040
INFO:root:TOTAL WEIGHTS: 3150913
INFO:root:TOTAL RATIO: 0.01112058631894946
INFO:root:('Own defined metrics (before post-processing) - MAE: ', '11.145915817738924', ' SAE: ', '11.096207625558435', ' F1: ', '0.2450787401599894')
INFO:root:('Own defined metrics (after post-processing) - MAE: ', '7.8950214074638385', ' SAE: ', '7.91423955218131', ' F1: ', '0.2450787401599894')
INFO:root:Inference Time: 91.52123212814331
INFO:root:('MSE: ', '0.004498334135860205', ' MAE: ', '0.011145928874611855')
INFO:root:CONV. ZEROS: 0
INFO:root:CONV. WEIGHTS: 35040
INFO:root:CONV. RATIO: 0.0
INFO:root:
INFO:root:DENSE ZEROS: 0
INFO:root:DENSE WEIGHTS: 2916832
INFO:root:DENSE RATIO: 0.0
INFO:root:
INFO:root:TOTAL ZEROS: 35040
INFO:root:TOTAL WEIGHTS: 3150913
INFO:root:TOTAL RATIO: 0.01112058631894946
INFO:root:('Own defined metrics (before post-processing) - MAE: ', '11.145915817738924', ' SAE: ', '11.096207625558435', ' F1: ', '0.2450787401599894')
INFO:root:('Own defined metrics (after post-processing) - MAE: ', '7.8950214074638385', ' SAE: ', '7.91423955218131', ' F1: ', '0.2450787401599894')
