INFO:root:Inference Time: 4.5501649379730225
INFO:root:('MSE: ', '0.11028670519590378', ' MAE: ', '0.11427987366914749')
INFO:root:CONV. ZEROS: 0
INFO:root:CONV. WEIGHTS: 56512
INFO:root:CONV. RATIO: 0.0
INFO:root:
INFO:root:DENSE ZEROS: 0
INFO:root:DENSE WEIGHTS: 1351936
INFO:root:DENSE RATIO: 0.0
INFO:root:
INFO:root:TOTAL ZEROS: 56512
INFO:root:TOTAL WEIGHTS: 1845169
INFO:root:TOTAL RATIO: 0.03062700489765436
INFO:root:('Model values - MAE: ', '945.3858016659053', ' SAE: ', '945385.8016659053')
INFO:root:('Real values - MAE: ', '514162.2858218142', ' SAE: ', '514162285.8218142')
INFO:root:Inference Time: 16.653109073638916
INFO:root:('MSE: ', '0.06653240323066711', ' MAE: ', '0.08115420490503311')
INFO:root:CONV. ZEROS: 0
INFO:root:CONV. WEIGHTS: 56512
INFO:root:CONV. RATIO: 0.0
INFO:root:
INFO:root:DENSE ZEROS: 0
INFO:root:DENSE WEIGHTS: 1347840
INFO:root:DENSE RATIO: 0.0
INFO:root:
INFO:root:TOTAL ZEROS: 56512
INFO:root:TOTAL WEIGHTS: 1812657
INFO:root:TOTAL RATIO: 0.031176333967209462
INFO:root:('Model values - MAE: ', '766.3617333297743', ' SAE: ', '6130893.866638195')
INFO:root:('Real values - MAE: ', '605379.9590373056', ' SAE: ', '4843039672.298445')
