INFO:root:Inference Time: 5.7696897983551025
INFO:root:('MSE: ', '0.07912935316562653', ' MAE: ', '0.09727102518081665')
INFO:root:CONV. ZEROS: 0
INFO:root:CONV. WEIGHTS: 4510
INFO:root:CONV. RATIO: 0.0
INFO:root:
INFO:root:DENSE ZEROS: 0
INFO:root:DENSE WEIGHTS: 1228608
INFO:root:DENSE RATIO: 0.0
INFO:root:
INFO:root:TOTAL ZEROS: 4510
INFO:root:TOTAL WEIGHTS: 1245531
INFO:root:TOTAL RATIO: 0.0036209456047260166
INFO:root:('Model values - MAE: ', '893.3962929539468', ' SAE: ', '7147170.343631575')
INFO:root:('Real values - MAE: ', '709788.8664855857', ' SAE: ', '5678310931.8846855')
INFO:root:Inference Time: 2.1646218299865723
INFO:root:('MSE: ', '0.102005735039711', ' MAE: ', '0.11355990171432495')
INFO:root:CONV. ZEROS: 0
INFO:root:CONV. WEIGHTS: 4510
INFO:root:CONV. RATIO: 0.0
INFO:root:
INFO:root:DENSE ZEROS: 0
INFO:root:DENSE WEIGHTS: 1228608
INFO:root:DENSE RATIO: 0.0
INFO:root:
INFO:root:TOTAL ZEROS: 4510
INFO:root:TOTAL WEIGHTS: 1245531
INFO:root:TOTAL RATIO: 0.0036209456047260166
INFO:root:('Model values - MAE: ', '938.1891619172003', ' SAE: ', '938189.1619172003')
INFO:root:('Real values - MAE: ', '750357.4035353432', ' SAE: ', '750357403.5353433')
INFO:root:Inference Time: 2.454840898513794
INFO:root:('MSE: ', '0.11925565451383591', ' MAE: ', '0.10996341705322266')
INFO:root:CONV. ZEROS: 0
INFO:root:CONV. WEIGHTS: 4510
INFO:root:CONV. RATIO: 0.0
INFO:root:
INFO:root:DENSE ZEROS: 0
INFO:root:DENSE WEIGHTS: 1228608
INFO:root:DENSE RATIO: 0.0
INFO:root:
INFO:root:TOTAL ZEROS: 4510
INFO:root:TOTAL WEIGHTS: 1245531
INFO:root:TOTAL RATIO: 0.0036209456047260166
INFO:root:('Model values - MAE: ', '896.5924556758621', ' SAE: ', '896592.455675862')
INFO:root:('Real values - MAE: ', '717273.9646858728', ' SAE: ', '717273964.6858728')
INFO:root:Inference Time: 6.311674118041992
INFO:root:('MSE: ', '0.10555741935968399', ' MAE: ', '0.086666040122509')
INFO:root:CONV. ZEROS: 0
INFO:root:CONV. WEIGHTS: 4510
INFO:root:CONV. RATIO: 0.0
INFO:root:
INFO:root:DENSE ZEROS: 0
INFO:root:DENSE WEIGHTS: 1228608
INFO:root:DENSE RATIO: 0.0
INFO:root:
INFO:root:TOTAL ZEROS: 4510
INFO:root:TOTAL WEIGHTS: 1245531
INFO:root:TOTAL RATIO: 0.0036209456047260166
INFO:root:('Model values - MAE: ', '782.2030960910375', ' SAE: ', '6257624.7687283')
INFO:root:('Real values - MAE: ', '622741.5143557752', ' SAE: ', '4981932114.846202')
INFO:root:Inference Time: 7.789817810058594
INFO:root:('MSE: ', '0.08658921718597412', ' MAE: ', '0.06366529315710068')
INFO:root:CONV. ZEROS: 0
INFO:root:CONV. WEIGHTS: 4510
INFO:root:CONV. RATIO: 0.0
INFO:root:
INFO:root:DENSE ZEROS: 0
INFO:root:DENSE WEIGHTS: 1228608
INFO:root:DENSE RATIO: 0.0
INFO:root:
INFO:root:TOTAL ZEROS: 4510
INFO:root:TOTAL WEIGHTS: 1245531
INFO:root:TOTAL RATIO: 0.0036209456047260166
INFO:root:('Model values - MAE: ', '564.7232701842617', ' SAE: ', '4517786.161474093')
INFO:root:('Real values - MAE: ', '449467.05986878293', ' SAE: ', '3595736478.9502635')
INFO:root:Inference Time: 2.30023193359375
INFO:root:('MSE: ', '0.11341776698827744', ' MAE: ', '0.08881740272045135')
INFO:root:CONV. ZEROS: 0
INFO:root:CONV. WEIGHTS: 4510
INFO:root:CONV. RATIO: 0.0
INFO:root:
INFO:root:DENSE ZEROS: 0
INFO:root:DENSE WEIGHTS: 1228608
INFO:root:DENSE RATIO: 0.0
INFO:root:
INFO:root:TOTAL ZEROS: 4510
INFO:root:TOTAL WEIGHTS: 1245531
INFO:root:TOTAL RATIO: 0.0036209456047260166
INFO:root:('Model values - MAE: ', '705.3587478355412', ' SAE: ', '705358.7478355411')
INFO:root:('Real values - MAE: ', '562402.7203124122', ' SAE: ', '562402720.3124123')
INFO:root:Inference Time: 2.486800193786621
INFO:root:('MSE: ', '0.11605717241764069', ' MAE: ', '0.08389177173376083')
INFO:root:CONV. ZEROS: 0
INFO:root:CONV. WEIGHTS: 4510
INFO:root:CONV. RATIO: 0.0
INFO:root:
INFO:root:DENSE ZEROS: 0
INFO:root:DENSE WEIGHTS: 1228608
INFO:root:DENSE RATIO: 0.0
INFO:root:
INFO:root:TOTAL ZEROS: 4510
INFO:root:TOTAL WEIGHTS: 1245531
INFO:root:TOTAL RATIO: 0.0036209456047260166
INFO:root:('Model values - MAE: ', '658.5605785086118', ' SAE: ', '658560.5785086118')
INFO:root:('Real values - MAE: ', '525982.6446450759', ' SAE: ', '525982644.6450759')
INFO:root:Inference Time: 6.62441611289978
INFO:root:('MSE: ', '0.082455575466156', ' MAE: ', '0.05856555327773094')
INFO:root:CONV. ZEROS: 0
INFO:root:CONV. WEIGHTS: 4510
INFO:root:CONV. RATIO: 0.0
INFO:root:
INFO:root:DENSE ZEROS: 0
INFO:root:DENSE WEIGHTS: 1228608
INFO:root:DENSE RATIO: 0.0
INFO:root:
INFO:root:TOTAL ZEROS: 4510
INFO:root:TOTAL WEIGHTS: 1245531
INFO:root:TOTAL RATIO: 0.0036209456047260166
INFO:root:('Model values - MAE: ', '511.05830194868776', ' SAE: ', '4088466.415589502')
INFO:root:('Real values - MAE: ', '408548.8575142685', ' SAE: ', '3268390860.1141477')
INFO:root:Inference Time: 8.292724847793579
INFO:root:('MSE: ', '0.09634272009134293', ' MAE: ', '0.06641437113285065')
INFO:root:CONV. ZEROS: 0
INFO:root:CONV. WEIGHTS: 4510
INFO:root:CONV. RATIO: 0.0
INFO:root:
INFO:root:DENSE ZEROS: 0
INFO:root:DENSE WEIGHTS: 1228608
INFO:root:DENSE RATIO: 0.0
INFO:root:
INFO:root:TOTAL ZEROS: 4510
INFO:root:TOTAL WEIGHTS: 1245531
INFO:root:TOTAL RATIO: 0.0036209456047260166
INFO:root:('Model values - MAE: ', '582.5433149924079', ' SAE: ', '4660346.519939263')
INFO:root:('Real values - MAE: ', '465204.6801607409', ' SAE: ', '3721637441.2859273')
INFO:root:Inference Time: 2.178126096725464
INFO:root:('MSE: ', '0.1491885632276535', ' MAE: ', '0.10024598240852356')
INFO:root:CONV. ZEROS: 0
INFO:root:CONV. WEIGHTS: 4510
INFO:root:CONV. RATIO: 0.0
INFO:root:
INFO:root:DENSE ZEROS: 0
INFO:root:DENSE WEIGHTS: 1228608
INFO:root:DENSE RATIO: 0.0
INFO:root:
INFO:root:TOTAL ZEROS: 4510
INFO:root:TOTAL WEIGHTS: 1245531
INFO:root:TOTAL RATIO: 0.0036209456047260166
INFO:root:('Model values - MAE: ', '808.1666903180158', ' SAE: ', '808166.6903180158')
INFO:root:('Real values - MAE: ', '644977.2953703521', ' SAE: ', '644977295.3703521')
INFO:root:Inference Time: 6.633152961730957
INFO:root:('MSE: ', '0.09634272009134293', ' MAE: ', '0.06641437113285065')
INFO:root:CONV. ZEROS: 0
INFO:root:CONV. WEIGHTS: 4510
INFO:root:CONV. RATIO: 0.0
INFO:root:
INFO:root:DENSE ZEROS: 0
INFO:root:DENSE WEIGHTS: 1228608
INFO:root:DENSE RATIO: 0.0
INFO:root:
INFO:root:TOTAL ZEROS: 4510
INFO:root:TOTAL WEIGHTS: 1245531
INFO:root:TOTAL RATIO: 0.0036209456047260166
INFO:root:('Model values - MAE: ', '582.5433149924079', ' SAE: ', '4660346.519939263')
INFO:root:('Real values - MAE: ', '465204.6801607409', ' SAE: ', '3721637441.2859273')
INFO:root:Inference Time: 8.068738222122192
INFO:root:('MSE: ', '0.09358319640159607', ' MAE: ', '0.06154928728938103')
INFO:root:CONV. ZEROS: 0
INFO:root:CONV. WEIGHTS: 4510
INFO:root:CONV. RATIO: 0.0
INFO:root:
INFO:root:DENSE ZEROS: 0
INFO:root:DENSE WEIGHTS: 1228608
INFO:root:DENSE RATIO: 0.0
INFO:root:
INFO:root:TOTAL ZEROS: 4510
INFO:root:TOTAL WEIGHTS: 1245531
INFO:root:TOTAL RATIO: 0.0036209456047260166
INFO:root:('Model values - MAE: ', '537.9044483119609', ' SAE: ', '4303235.586495687')
INFO:root:('Real values - MAE: ', '429403.8964687816', ' SAE: ', '3435231171.7502527')
INFO:root:Inference Time: 2.2105658054351807
INFO:root:('MSE: ', '0.12743593752384186', ' MAE: ', '0.085771843791008')
INFO:root:CONV. ZEROS: 0
INFO:root:CONV. WEIGHTS: 4510
INFO:root:CONV. RATIO: 0.0
INFO:root:
INFO:root:DENSE ZEROS: 0
INFO:root:DENSE WEIGHTS: 1228608
INFO:root:DENSE RATIO: 0.0
INFO:root:
INFO:root:TOTAL ZEROS: 4510
INFO:root:TOTAL WEIGHTS: 1245531
INFO:root:TOTAL RATIO: 0.0036209456047260166
INFO:root:('Model values - MAE: ', '675.5571059641666', ' SAE: ', '675557.1059641666')
INFO:root:('Real values - MAE: ', '538537.4991757824', ' SAE: ', '538537499.1757824')
INFO:root:Inference Time: 2.590264081954956
INFO:root:('MSE: ', '0.10796315222978592', ' MAE: ', '0.07583396881818771')
INFO:root:CONV. ZEROS: 0
INFO:root:CONV. WEIGHTS: 4510
INFO:root:CONV. RATIO: 0.0
INFO:root:
INFO:root:DENSE ZEROS: 0
INFO:root:DENSE WEIGHTS: 1228608
INFO:root:DENSE RATIO: 0.0
INFO:root:
INFO:root:TOTAL ZEROS: 4510
INFO:root:TOTAL WEIGHTS: 1245531
INFO:root:TOTAL RATIO: 0.0036209456047260166
INFO:root:('Model values - MAE: ', '584.8448375928341', ' SAE: ', '584844.8375928341')
INFO:root:('Real values - MAE: ', '465834.3375958853', ' SAE: ', '465834337.59588534')
INFO:root:Inference Time: 7.512063026428223
INFO:root:('MSE: ', '0.08339591324329376', ' MAE: ', '0.05647983402013779')
INFO:root:CONV. ZEROS: 0
INFO:root:CONV. WEIGHTS: 4510
INFO:root:CONV. RATIO: 0.0
INFO:root:
INFO:root:DENSE ZEROS: 0
INFO:root:DENSE WEIGHTS: 1228608
INFO:root:DENSE RATIO: 0.0
INFO:root:
INFO:root:TOTAL ZEROS: 4510
INFO:root:TOTAL WEIGHTS: 1245531
INFO:root:TOTAL RATIO: 0.0036209456047260166
INFO:root:('Model values - MAE: ', '491.5268829114656', ' SAE: ', '3932215.063291725')
INFO:root:('Real values - MAE: ', '392387.47629667213', ' SAE: ', '3139099810.373377')
INFO:root:Inference Time: 6.567913293838501
INFO:root:('MSE: ', '0.082770936191082', ' MAE: ', '0.05805140733718872')
INFO:root:CONV. ZEROS: 0
INFO:root:CONV. WEIGHTS: 4510
INFO:root:CONV. RATIO: 0.0
INFO:root:
INFO:root:DENSE ZEROS: 0
INFO:root:DENSE WEIGHTS: 1228608
INFO:root:DENSE RATIO: 0.0
INFO:root:
INFO:root:TOTAL ZEROS: 4510
INFO:root:TOTAL WEIGHTS: 1245531
INFO:root:TOTAL RATIO: 0.0036209456047260166
INFO:root:('Model values - MAE: ', '506.42039455911544', ' SAE: ', '4051363.1564729237')
INFO:root:('Real values - MAE: ', '405067.00199398305', ' SAE: ', '3240536015.9518642')
