INFO:root:Inference Time: 0.5296838283538818
INFO:root:('MSE: ', '0.07703836262226105', ' MAE: ', '0.06112043187022209')
INFO:root:CONV. ZEROS: 0
INFO:root:CONV. WEIGHTS: 4510
INFO:root:CONV. RATIO: 0.0
INFO:root:
INFO:root:DENSE ZEROS: 0
INFO:root:DENSE WEIGHTS: 266048
INFO:root:DENSE RATIO: 0.0
INFO:root:
INFO:root:TOTAL ZEROS: 4510
INFO:root:TOTAL WEIGHTS: 282971
INFO:root:TOTAL RATIO: 0.01593802898530238
INFO:root:('Model values - MAE: ', '734.6162393222858', ' SAE: ', '565654.50427816')
INFO:root:('Real values - MAE: ', '587086.7257787427', ' SAE: ', '452056778.84963185')
INFO:root:Inference Time: 0.8537678718566895
INFO:root:('MSE: ', '0.0711841806769371', ' MAE: ', '0.04924396425485611')
INFO:root:CONV. ZEROS: 0
INFO:root:CONV. WEIGHTS: 4510
INFO:root:CONV. RATIO: 0.0
INFO:root:
INFO:root:DENSE ZEROS: 0
INFO:root:DENSE WEIGHTS: 266048
INFO:root:DENSE RATIO: 0.0
INFO:root:
INFO:root:TOTAL ZEROS: 4510
INFO:root:TOTAL WEIGHTS: 282971
INFO:root:TOTAL RATIO: 0.01593802898530238
INFO:root:('Model values - MAE: ', '483.3420250165562', ' SAE: ', '4350078.225149006')
INFO:root:('Real values - MAE: ', '386334.91001269576', ' SAE: ', '3477014190.114262')
