INFO:root:Inference Time: 1.1402478218078613
INFO:root:('MSE: ', '0.10958817601203918', ' MAE: ', '0.1091587021946907')
INFO:root:CONV. ZEROS: 0
INFO:root:CONV. WEIGHTS: 4510
INFO:root:CONV. RATIO: 0.0
INFO:root:
INFO:root:DENSE ZEROS: 0
INFO:root:DENSE WEIGHTS: 266048
INFO:root:DENSE RATIO: 0.0
INFO:root:
INFO:root:TOTAL ZEROS: 4510
INFO:root:TOTAL WEIGHTS: 282971
INFO:root:TOTAL RATIO: 0.01593802898530238
INFO:root:('Model values - MAE: ', '954.7024607239694', ' SAE: ', '1231566.1743339205')
INFO:root:('Real values - MAE: ', '761473.8690525771', ' SAE: ', '982301291.0778244')
INFO:root:Inference Time: 2.6046552658081055
INFO:root:('MSE: ', '0.08427778631448746', ' MAE: ', '0.08872152119874954')
INFO:root:CONV. ZEROS: 0
INFO:root:CONV. WEIGHTS: 4510
INFO:root:CONV. RATIO: 0.0
INFO:root:
INFO:root:DENSE ZEROS: 0
INFO:root:DENSE WEIGHTS: 266048
INFO:root:DENSE RATIO: 0.0
INFO:root:
INFO:root:TOTAL ZEROS: 4510
INFO:root:TOTAL WEIGHTS: 282971
INFO:root:TOTAL RATIO: 0.01593802898530238
INFO:root:('Model values - MAE: ', '863.9123624767049', ' SAE: ', '6911298.899813639')
INFO:root:('Real values - MAE: ', '686591.6026174488', ' SAE: ', '5492732820.93959')
INFO:root:Inference Time: 2.8310508728027344
INFO:root:('MSE: ', '0.07813775539398193', ' MAE: ', '0.055854979902505875')
INFO:root:CONV. ZEROS: 0
INFO:root:CONV. WEIGHTS: 4510
INFO:root:CONV. RATIO: 0.0
INFO:root:
INFO:root:DENSE ZEROS: 0
INFO:root:DENSE WEIGHTS: 266048
INFO:root:DENSE RATIO: 0.0
INFO:root:
INFO:root:TOTAL ZEROS: 4510
INFO:root:TOTAL WEIGHTS: 282971
INFO:root:TOTAL RATIO: 0.01593802898530238
INFO:root:('Model values - MAE: ', '509.922774025271', ' SAE: ', '4079382.192202168')
INFO:root:('Real values - MAE: ', '405635.0538633271', ' SAE: ', '3245080430.9066167')
INFO:root:Inference Time: 0.953855037689209
INFO:root:('MSE: ', '0.12962384521961212', ' MAE: ', '0.09119080752134323')
INFO:root:CONV. ZEROS: 0
INFO:root:CONV. WEIGHTS: 4510
INFO:root:CONV. RATIO: 0.0
INFO:root:
INFO:root:DENSE ZEROS: 0
INFO:root:DENSE WEIGHTS: 266048
INFO:root:DENSE RATIO: 0.0
INFO:root:
INFO:root:TOTAL ZEROS: 4510
INFO:root:TOTAL WEIGHTS: 282971
INFO:root:TOTAL RATIO: 0.01593802898530238
INFO:root:('Model values - MAE: ', '664.2160866810704', ' SAE: ', '664216.0866810704')
INFO:root:('Real values - MAE: ', '527147.3901469454', ' SAE: ', '527147390.14694536')
INFO:root:Inference Time: 1.1017820835113525
INFO:root:('MSE: ', '0.14639565348625183', ' MAE: ', '0.09764107316732407')
INFO:root:CONV. ZEROS: 0
INFO:root:CONV. WEIGHTS: 4510
INFO:root:CONV. RATIO: 0.0
INFO:root:
INFO:root:DENSE ZEROS: 0
INFO:root:DENSE WEIGHTS: 266048
INFO:root:DENSE RATIO: 0.0
INFO:root:
INFO:root:TOTAL ZEROS: 4510
INFO:root:TOTAL WEIGHTS: 282971
INFO:root:TOTAL RATIO: 0.01593802898530238
INFO:root:('Model values - MAE: ', '726.590505580658', ' SAE: ', '726590.505580658')
INFO:root:('Real values - MAE: ', '579717.8291444762', ' SAE: ', '579717829.1444762')
INFO:root:Inference Time: 1.9570889472961426
INFO:root:('MSE: ', '0.08588109165430069', ' MAE: ', '0.058097995817661285')
INFO:root:CONV. ZEROS: 0
INFO:root:CONV. WEIGHTS: 4510
INFO:root:CONV. RATIO: 0.0
INFO:root:
INFO:root:DENSE ZEROS: 0
INFO:root:DENSE WEIGHTS: 266048
INFO:root:DENSE RATIO: 0.0
INFO:root:
INFO:root:TOTAL ZEROS: 4510
INFO:root:TOTAL WEIGHTS: 282971
INFO:root:TOTAL RATIO: 0.01593802898530238
INFO:root:('Model values - MAE: ', '532.2206253719205', ' SAE: ', '4257765.002975364')
INFO:root:('Real values - MAE: ', '424787.6870523206', ' SAE: ', '3398301496.418565')
INFO:root:Inference Time: 1.993034839630127
INFO:root:('MSE: ', '0.08372896164655685', ' MAE: ', '0.058912672102451324')
INFO:root:CONV. ZEROS: 0
INFO:root:CONV. WEIGHTS: 4510
INFO:root:CONV. RATIO: 0.0
INFO:root:
INFO:root:DENSE ZEROS: 0
INFO:root:DENSE WEIGHTS: 266048
INFO:root:DENSE RATIO: 0.0
INFO:root:
INFO:root:TOTAL ZEROS: 4510
INFO:root:TOTAL WEIGHTS: 282971
INFO:root:TOTAL RATIO: 0.01593802898530238
INFO:root:('Model values - MAE: ', '541.5842799571361', ' SAE: ', '4332674.239657089')
INFO:root:('Real values - MAE: ', '431108.65309646743', ' SAE: ', '3448869224.7717395')
INFO:root:Inference Time: 1.9468879699707031
INFO:root:('MSE: ', '0.08535787463188171', ' MAE: ', '0.05947296321392059')
INFO:root:CONV. ZEROS: 0
INFO:root:CONV. WEIGHTS: 4510
INFO:root:CONV. RATIO: 0.0
INFO:root:
INFO:root:DENSE ZEROS: 0
INFO:root:DENSE WEIGHTS: 266048
INFO:root:DENSE RATIO: 0.0
INFO:root:
INFO:root:TOTAL ZEROS: 4510
INFO:root:TOTAL WEIGHTS: 282971
INFO:root:TOTAL RATIO: 0.01593802898530238
INFO:root:('Model values - MAE: ', '545.1038229709518', ' SAE: ', '4360830.583767614')
INFO:root:('Real values - MAE: ', '435318.6962005986', ' SAE: ', '3482549569.604789')
INFO:root:Inference Time: 1.9089269638061523
INFO:root:('MSE: ', '0.08008123189210892', ' MAE: ', '0.05505690723657608')
INFO:root:CONV. ZEROS: 0
INFO:root:CONV. WEIGHTS: 4510
INFO:root:CONV. RATIO: 0.0
INFO:root:
INFO:root:DENSE ZEROS: 0
INFO:root:DENSE WEIGHTS: 266048
INFO:root:DENSE RATIO: 0.0
INFO:root:
INFO:root:TOTAL ZEROS: 4510
INFO:root:TOTAL WEIGHTS: 282971
INFO:root:TOTAL RATIO: 0.01593802898530238
INFO:root:('Model values - MAE: ', '501.71137125006106', ' SAE: ', '4013690.9700004887')
INFO:root:('Real values - MAE: ', '400988.0615388902', ' SAE: ', '3207904492.3111215')
INFO:root:Inference Time: 0.8058750629425049
INFO:root:('MSE: ', '0.08008123189210892', ' MAE: ', '0.05505690723657608')
INFO:root:CONV. ZEROS: 0
INFO:root:CONV. WEIGHTS: 4510
INFO:root:CONV. RATIO: 0.0
INFO:root:
INFO:root:DENSE ZEROS: 0
INFO:root:DENSE WEIGHTS: 266048
INFO:root:DENSE RATIO: 0.0
INFO:root:
INFO:root:TOTAL ZEROS: 4510
INFO:root:TOTAL WEIGHTS: 282971
INFO:root:TOTAL RATIO: 0.01593802898530238
INFO:root:('Model values - MAE: ', '501.71137125006106', ' SAE: ', '4013690.9700004887')
INFO:root:('Real values - MAE: ', '400988.0615388902', ' SAE: ', '3207904492.3111215')
