INFO:root:Inference Time: 133.24854707717896
INFO:root:('MSE: ', '0.004542515147477388', ' MAE: ', '0.008958994410932064')
INFO:root:CONV. ZEROS: 0
INFO:root:CONV. WEIGHTS: 35040
INFO:root:CONV. RATIO: 0.0
INFO:root:
INFO:root:DENSE ZEROS: 0
INFO:root:DENSE WEIGHTS: 4162016
INFO:root:DENSE RATIO: 0.0
INFO:root:
INFO:root:TOTAL ZEROS: 35040
INFO:root:TOTAL WEIGHTS: 4396097
INFO:root:TOTAL RATIO: 0.007970706742822098
INFO:root:('Own defined metrics (before post-processing) - MAE: ', '8.958975844413887', ' SAE: ', '8.779527288044727', ' F1: ', '0.009395973160947705')
INFO:root:('Own defined metrics (after post-processing) - MAE: ', '7.246249581406525', ' SAE: ', '7.250922588918587', ' F1: ', '0.009395973160947705')
INFO:root:Inference Time: 91.59207916259766
INFO:root:('MSE: ', '0.004542515147477388', ' MAE: ', '0.008958994410932064')
INFO:root:CONV. ZEROS: 0
INFO:root:CONV. WEIGHTS: 35040
INFO:root:CONV. RATIO: 0.0
INFO:root:
INFO:root:DENSE ZEROS: 0
INFO:root:DENSE WEIGHTS: 4162016
INFO:root:DENSE RATIO: 0.0
INFO:root:
INFO:root:TOTAL ZEROS: 35040
INFO:root:TOTAL WEIGHTS: 4396097
INFO:root:TOTAL RATIO: 0.007970706742822098
INFO:root:('Own defined metrics (before post-processing) - MAE: ', '8.958975844413887', ' SAE: ', '8.779527288044727', ' F1: ', '0.009395973160947705')
INFO:root:('Own defined metrics (after post-processing) - MAE: ', '7.246249581406525', ' SAE: ', '7.250922588918587', ' F1: ', '0.009395973160947705')
