INFO:root:Inference Time: 1.86885404586792
INFO:root:('MSE: ', '0.11999543756246567', ' MAE: ', '0.12047552317380905')
INFO:root:CONV. ZEROS: 0
INFO:root:CONV. WEIGHTS: 56512
INFO:root:CONV. RATIO: 0.0
INFO:root:
INFO:root:DENSE ZEROS: 0
INFO:root:DENSE WEIGHTS: 84032
INFO:root:DENSE RATIO: 0.0
INFO:root:
INFO:root:TOTAL ZEROS: 56512
INFO:root:TOTAL WEIGHTS: 159537
INFO:root:TOTAL RATIO: 0.3542250387057548
INFO:root:('Model values - MAE: ', '999.6285968140246', ' SAE: ', '999628.5968140246')
INFO:root:('Real values - MAE: ', '799238.0249282798', ' SAE: ', '799238024.9282798')
INFO:root:Inference Time: 3.591663122177124
INFO:root:('MSE: ', '0.09996133297681808', ' MAE: ', '0.09956762939691544')
INFO:root:CONV. ZEROS: 0
INFO:root:CONV. WEIGHTS: 56512
INFO:root:CONV. RATIO: 0.0
INFO:root:
INFO:root:DENSE ZEROS: 0
INFO:root:DENSE WEIGHTS: 84032
INFO:root:DENSE RATIO: 0.0
INFO:root:
INFO:root:TOTAL ZEROS: 56512
INFO:root:TOTAL WEIGHTS: 159537
INFO:root:TOTAL RATIO: 0.3542250387057548
INFO:root:('Model values - MAE: ', '918.084048534632', ' SAE: ', '7344672.388277056')
INFO:root:('Real values - MAE: ', '732888.4440102107', ' SAE: ', '5863107552.081685')
INFO:root:Inference Time: 3.4849140644073486
INFO:root:('MSE: ', '0.08273940533399582', ' MAE: ', '0.065285824239254')
INFO:root:CONV. ZEROS: 0
INFO:root:CONV. WEIGHTS: 56512
INFO:root:CONV. RATIO: 0.0
INFO:root:
INFO:root:DENSE ZEROS: 0
INFO:root:DENSE WEIGHTS: 84032
INFO:root:DENSE RATIO: 0.0
INFO:root:
INFO:root:TOTAL ZEROS: 56512
INFO:root:TOTAL WEIGHTS: 159537
INFO:root:TOTAL RATIO: 0.3542250387057548
INFO:root:('Model values - MAE: ', '586.5664907613134', ' SAE: ', '4692531.926090507')
INFO:root:('Real values - MAE: ', '467713.35564237897', ' SAE: ', '3741706845.139032')
INFO:root:Inference Time: 1.7437078952789307
INFO:root:('MSE: ', '0.1184748187661171', ' MAE: ', '0.08842125535011292')
INFO:root:CONV. ZEROS: 0
INFO:root:CONV. WEIGHTS: 56512
INFO:root:CONV. RATIO: 0.0
INFO:root:
INFO:root:DENSE ZEROS: 0
INFO:root:DENSE WEIGHTS: 84032
INFO:root:DENSE RATIO: 0.0
INFO:root:
INFO:root:TOTAL ZEROS: 56512
INFO:root:TOTAL WEIGHTS: 159537
INFO:root:TOTAL RATIO: 0.3542250387057548
INFO:root:('Model values - MAE: ', '699.3145689540056', ' SAE: ', '699314.5689540056')
INFO:root:('Real values - MAE: ', '558571.9607924044', ' SAE: ', '558571960.7924044')
INFO:root:Inference Time: 1.6977262496948242
INFO:root:('MSE: ', '0.11304468661546707', ' MAE: ', '0.08753431588411331')
INFO:root:CONV. ZEROS: 0
INFO:root:CONV. WEIGHTS: 56512
INFO:root:CONV. RATIO: 0.0
INFO:root:
INFO:root:DENSE ZEROS: 0
INFO:root:DENSE WEIGHTS: 84032
INFO:root:DENSE RATIO: 0.0
INFO:root:
INFO:root:TOTAL ZEROS: 56512
INFO:root:TOTAL WEIGHTS: 159537
INFO:root:TOTAL RATIO: 0.3542250387057548
INFO:root:('Model values - MAE: ', '694.9477984521018', ' SAE: ', '694947.7984521018')
INFO:root:('Real values - MAE: ', '555850.0880109625', ' SAE: ', '555850088.0109625')
INFO:root:Inference Time: 3.8239333629608154
INFO:root:('MSE: ', '0.08454579859972', ' MAE: ', '0.06600477546453476')
INFO:root:CONV. ZEROS: 0
INFO:root:CONV. WEIGHTS: 56512
INFO:root:CONV. RATIO: 0.0
INFO:root:
INFO:root:DENSE ZEROS: 0
INFO:root:DENSE WEIGHTS: 84032
INFO:root:DENSE RATIO: 0.0
INFO:root:
INFO:root:TOTAL ZEROS: 56512
INFO:root:TOTAL WEIGHTS: 159537
INFO:root:TOTAL RATIO: 0.3542250387057548
INFO:root:('Model values - MAE: ', '605.3333089666933', ' SAE: ', '4842666.471733546')
INFO:root:('Real values - MAE: ', '484079.5063144918', ' SAE: ', '3872636050.5159345')
INFO:root:Inference Time: 3.361703872680664
INFO:root:('MSE: ', '0.07848953455686569', ' MAE: ', '0.05666658282279968')
INFO:root:CONV. ZEROS: 0
INFO:root:CONV. WEIGHTS: 56512
INFO:root:CONV. RATIO: 0.0
INFO:root:
INFO:root:DENSE ZEROS: 0
INFO:root:DENSE WEIGHTS: 84032
INFO:root:DENSE RATIO: 0.0
INFO:root:
INFO:root:TOTAL ZEROS: 56512
INFO:root:TOTAL WEIGHTS: 159537
INFO:root:TOTAL RATIO: 0.3542250387057548
INFO:root:('Model values - MAE: ', '508.14342832209036', ' SAE: ', '4065147.426576723')
INFO:root:('Real values - MAE: ', '406514.74376216164', ' SAE: ', '3252117950.097293')
INFO:root:Inference Time: 1.703265905380249
INFO:root:('MSE: ', '0.12134312093257904', ' MAE: ', '0.0813530758023262')
INFO:root:CONV. ZEROS: 0
INFO:root:CONV. WEIGHTS: 56512
INFO:root:CONV. RATIO: 0.0
INFO:root:
INFO:root:DENSE ZEROS: 0
INFO:root:DENSE WEIGHTS: 84032
INFO:root:DENSE RATIO: 0.0
INFO:root:
INFO:root:TOTAL ZEROS: 56512
INFO:root:TOTAL WEIGHTS: 159537
INFO:root:TOTAL RATIO: 0.3542250387057548
INFO:root:('Model values - MAE: ', '635.687569639415', ' SAE: ', '635687.569639415')
INFO:root:('Real values - MAE: ', '508550.06129142654', ' SAE: ', '508550061.29142654')
INFO:root:Inference Time: 1.844533920288086
INFO:root:('MSE: ', '0.12691746652126312', ' MAE: ', '0.07845542579889297')
INFO:root:CONV. ZEROS: 0
INFO:root:CONV. WEIGHTS: 56512
INFO:root:CONV. RATIO: 0.0
INFO:root:
INFO:root:DENSE ZEROS: 0
INFO:root:DENSE WEIGHTS: 84032
INFO:root:DENSE RATIO: 0.0
INFO:root:
INFO:root:TOTAL ZEROS: 56512
INFO:root:TOTAL WEIGHTS: 159537
INFO:root:TOTAL RATIO: 0.3542250387057548
INFO:root:('Model values - MAE: ', '608.859566180496', ' SAE: ', '608859.566180496')
INFO:root:('Real values - MAE: ', '487087.6495364032', ' SAE: ', '487087649.5364032')
INFO:root:Inference Time: 3.541849136352539
INFO:root:('MSE: ', '0.08514920622110367', ' MAE: ', '0.05974608287215233')
INFO:root:CONV. ZEROS: 0
INFO:root:CONV. WEIGHTS: 56512
INFO:root:CONV. RATIO: 0.0
INFO:root:
INFO:root:DENSE ZEROS: 0
INFO:root:DENSE WEIGHTS: 84032
INFO:root:DENSE RATIO: 0.0
INFO:root:
INFO:root:TOTAL ZEROS: 56512
INFO:root:TOTAL WEIGHTS: 159537
INFO:root:TOTAL RATIO: 0.3542250387057548
INFO:root:('Model values - MAE: ', '542.8556701755683', ' SAE: ', '4342845.361404547')
INFO:root:('Real values - MAE: ', '434284.5360911692', ' SAE: ', '3474276288.729354')
INFO:root:Inference Time: 3.4760379791259766
INFO:root:('MSE: ', '0.06769664585590363', ' MAE: ', '0.04278061166405678')
INFO:root:CONV. ZEROS: 0
INFO:root:CONV. WEIGHTS: 56512
INFO:root:CONV. RATIO: 0.0
INFO:root:
INFO:root:DENSE ZEROS: 0
INFO:root:DENSE WEIGHTS: 84032
INFO:root:DENSE RATIO: 0.0
INFO:root:
INFO:root:TOTAL ZEROS: 56512
INFO:root:TOTAL WEIGHTS: 159537
INFO:root:TOTAL RATIO: 0.3542250387057548
INFO:root:('Model values - MAE: ', '366.4332407415225', ' SAE: ', '2931465.92593218')
INFO:root:('Real values - MAE: ', '293146.5938009212', ' SAE: ', '2345172750.4073696')
INFO:root:Inference Time: 3.5518038272857666
INFO:root:('MSE: ', '0.07929905503988266', ' MAE: ', '0.05309606343507767')
INFO:root:CONV. ZEROS: 0
INFO:root:CONV. WEIGHTS: 56512
INFO:root:CONV. RATIO: 0.0
INFO:root:
INFO:root:DENSE ZEROS: 0
INFO:root:DENSE WEIGHTS: 84032
INFO:root:DENSE RATIO: 0.0
INFO:root:
INFO:root:TOTAL ZEROS: 56512
INFO:root:TOTAL WEIGHTS: 159537
INFO:root:TOTAL RATIO: 0.3542250387057548
INFO:root:('Model values - MAE: ', '463.56362098742306', ' SAE: ', '3708508.9678993844')
INFO:root:('Real values - MAE: ', '370850.8950481294', ' SAE: ', '2966807160.385035')
INFO:root:Inference Time: 1.448094129562378
INFO:root:('MSE: ', '0.06769664585590363', ' MAE: ', '0.04278061166405678')
INFO:root:CONV. ZEROS: 0
INFO:root:CONV. WEIGHTS: 56512
INFO:root:CONV. RATIO: 0.0
INFO:root:
INFO:root:DENSE ZEROS: 0
INFO:root:DENSE WEIGHTS: 84032
INFO:root:DENSE RATIO: 0.0
INFO:root:
INFO:root:TOTAL ZEROS: 56512
INFO:root:TOTAL WEIGHTS: 159537
INFO:root:TOTAL RATIO: 0.3542250387057548
INFO:root:('Model values - MAE: ', '366.4332407415225', ' SAE: ', '2931465.92593218')
INFO:root:('Real values - MAE: ', '293146.5938009212', ' SAE: ', '2345172750.4073696')
