INFO:root:Inference Time: 68.68229675292969
INFO:root:('MSE: ', '0.22903229296207428', ' MAE: ', '0.08184561878442764')
INFO:root:CONV. ZEROS: 0
INFO:root:CONV. WEIGHTS: 35040
INFO:root:CONV. RATIO: 0.0
INFO:root:
INFO:root:DENSE ZEROS: 0
INFO:root:DENSE WEIGHTS: 2097632
INFO:root:DENSE RATIO: 0.0
INFO:root:
INFO:root:TOTAL ZEROS: 35040
INFO:root:TOTAL WEIGHTS: 2331713
INFO:root:TOTAL RATIO: 0.015027578436968872
INFO:root:('Own defined metrics (before post-processing) - MAE: ', '57.29182760455086', ' SAE: ', '50.64220895776416', ' F1: ', '0.7618074311985932')
INFO:root:('Own defined metrics (after post-processing) - MAE: ', '46.80672043422745', ' SAE: ', '43.785107709022135', ' F1: ', '0.7618074311985932')
INFO:root:Inference Time: 47.536080837249756
INFO:root:('MSE: ', '0.1809135526418686', ' MAE: ', '0.06409037113189697')
INFO:root:CONV. ZEROS: 0
INFO:root:CONV. WEIGHTS: 35040
INFO:root:CONV. RATIO: 0.0
INFO:root:
INFO:root:DENSE ZEROS: 0
INFO:root:DENSE WEIGHTS: 2097632
INFO:root:DENSE RATIO: 0.0
INFO:root:
INFO:root:TOTAL ZEROS: 35040
INFO:root:TOTAL WEIGHTS: 2331713
INFO:root:TOTAL RATIO: 0.015027578436968872
INFO:root:('Own defined metrics (before post-processing) - MAE: ', '44.8633836920452', ' SAE: ', '42.36479884511115', ' F1: ', '0.9444807315451047')
INFO:root:('Own defined metrics (after post-processing) - MAE: ', '42.95515380922865', ' SAE: ', '41.15453856739994', ' F1: ', '0.9444807315451047')
