INFO:root:Inference Time: 63.318050384521484
INFO:root:('MSE: ', '0.1975402534008026', ' MAE: ', '0.06811075657606125')
INFO:root:CONV. ZEROS: 0
INFO:root:CONV. WEIGHTS: 35040
INFO:root:CONV. RATIO: 0.0
INFO:root:
INFO:root:DENSE ZEROS: 0
INFO:root:DENSE WEIGHTS: 2916832
INFO:root:DENSE RATIO: 0.0
INFO:root:
INFO:root:TOTAL ZEROS: 35040
INFO:root:TOTAL WEIGHTS: 3150913
INFO:root:TOTAL RATIO: 0.01112058631894946
INFO:root:('Own defined metrics (before post-processing) - MAE: ', '47.677164858319266', ' SAE: ', '41.99382854292197', ' F1: ', '0.644480617350589')
INFO:root:('Own defined metrics (after post-processing) - MAE: ', '44.84324535160961', ' SAE: ', '39.217545107994205', ' F1: ', '0.644480617350589')
INFO:root:Inference Time: 63.093050718307495
INFO:root:('MSE: ', '0.1975402534008026', ' MAE: ', '0.06811075657606125')
INFO:root:CONV. ZEROS: 0
INFO:root:CONV. WEIGHTS: 35040
INFO:root:CONV. RATIO: 0.0
INFO:root:
INFO:root:DENSE ZEROS: 0
INFO:root:DENSE WEIGHTS: 2916832
INFO:root:DENSE RATIO: 0.0
INFO:root:
INFO:root:TOTAL ZEROS: 35040
INFO:root:TOTAL WEIGHTS: 3150913
INFO:root:TOTAL RATIO: 0.01112058631894946
INFO:root:('Own defined metrics (before post-processing) - MAE: ', '47.677164858319266', ' SAE: ', '41.99382854292197', ' F1: ', '0.8814561294313537')
INFO:root:('Own defined metrics (after post-processing) - MAE: ', '44.7055232776667', ' SAE: ', '40.8009159675807', ' F1: ', '0.8814561294313537')
