INFO:root:Inference Time: 12.646684885025024
INFO:root:('MSE: ', '0.046494513750076294', ' MAE: ', '0.03941163793206215')
INFO:root:CONV. ZEROS: 0
INFO:root:CONV. WEIGHTS: 35040
INFO:root:CONV. RATIO: 0.0
INFO:root:
INFO:root:DENSE ZEROS: 0
INFO:root:DENSE WEIGHTS: 98784
INFO:root:DENSE RATIO: 0.0
INFO:root:
INFO:root:TOTAL ZEROS: 35040
INFO:root:TOTAL WEIGHTS: 332865
INFO:root:TOTAL RATIO: 0.10526790140146906
INFO:root:Inference Time: 8.446381092071533
INFO:root:('MSE: ', '0.033089861273765564', ' MAE: ', '0.03547818213701248')
INFO:root:CONV. ZEROS: 0
INFO:root:CONV. WEIGHTS: 35040
INFO:root:CONV. RATIO: 0.0
INFO:root:
INFO:root:DENSE ZEROS: 0
INFO:root:DENSE WEIGHTS: 98784
INFO:root:DENSE RATIO: 0.0
INFO:root:
INFO:root:TOTAL ZEROS: 35040
INFO:root:TOTAL WEIGHTS: 332865
INFO:root:TOTAL RATIO: 0.10526790140146906
